01-Sep-2023 22:03:27.146 INFO [main] org.apache.catalina.startup.VersionLoggerListener.log Nombre de la versión del servidor: Apache Tomcat/9.0.80
01-Sep-2023 22:03:27.157 INFO [main] org.apache.catalina.startup.VersionLoggerListener.log Server built:                      Aug 23 2023 21:59:38 UTC
01-Sep-2023 22:03:27.157 INFO [main] org.apache.catalina.startup.VersionLoggerListener.log Número de versión de servidor:     9.0.80.0
01-Sep-2023 22:03:27.158 INFO [main] org.apache.catalina.startup.VersionLoggerListener.log OS Name:                           Windows 10
01-Sep-2023 22:03:27.158 INFO [main] org.apache.catalina.startup.VersionLoggerListener.log Versión de Systema Operativo:      10.0
01-Sep-2023 22:03:27.159 INFO [main] org.apache.catalina.startup.VersionLoggerListener.log Arquitectura:                      amd64
01-Sep-2023 22:03:27.159 INFO [main] org.apache.catalina.startup.VersionLoggerListener.log Java Home:                         C:\Program Files\Java\jdk-17
01-Sep-2023 22:03:27.159 INFO [main] org.apache.catalina.startup.VersionLoggerListener.log JVM Version:                       17.0.8+9-LTS-211
01-Sep-2023 22:03:27.159 INFO [main] org.apache.catalina.startup.VersionLoggerListener.log Vededor JVM:                       Oracle Corporation
01-Sep-2023 22:03:27.159 INFO [main] org.apache.catalina.startup.VersionLoggerListener.log CATALINA_BASE:                     C:\Projectos Java\Web\apache-tomcat-9.0.80
01-Sep-2023 22:03:27.160 INFO [main] org.apache.catalina.startup.VersionLoggerListener.log CATALINA_HOME:                     C:\Projectos Java\Web\apache-tomcat-9.0.80
01-Sep-2023 22:03:27.182 INFO [main] org.apache.catalina.startup.VersionLoggerListener.log Command line argument:             --add-opens=java.base/java.lang=ALL-UNNAMED
01-Sep-2023 22:03:27.182 INFO [main] org.apache.catalina.startup.VersionLoggerListener.log Command line argument:             --add-opens=java.base/java.io=ALL-UNNAMED
01-Sep-2023 22:03:27.182 INFO [main] org.apache.catalina.startup.VersionLoggerListener.log Command line argument:             --add-opens=java.base/java.util=ALL-UNNAMED
01-Sep-2023 22:03:27.182 INFO [main] org.apache.catalina.startup.VersionLoggerListener.log Command line argument:             --add-opens=java.base/java.util.concurrent=ALL-UNNAMED
01-Sep-2023 22:03:27.182 INFO [main] org.apache.catalina.startup.VersionLoggerListener.log Command line argument:             --add-opens=java.rmi/sun.rmi.transport=ALL-UNNAMED
01-Sep-2023 22:03:27.183 INFO [main] org.apache.catalina.startup.VersionLoggerListener.log Command line argument:             -Djava.util.logging.config.file=C:\Projectos Java\Web\apache-tomcat-9.0.80\conf\logging.properties
01-Sep-2023 22:03:27.183 INFO [main] org.apache.catalina.startup.VersionLoggerListener.log Command line argument:             -Djava.util.logging.manager=org.apache.juli.ClassLoaderLogManager
01-Sep-2023 22:03:27.184 INFO [main] org.apache.catalina.startup.VersionLoggerListener.log Command line argument:             -Djdk.tls.ephemeralDHKeySize=2048
01-Sep-2023 22:03:27.184 INFO [main] org.apache.catalina.startup.VersionLoggerListener.log Command line argument:             -Djava.protocol.handler.pkgs=org.apache.catalina.webresources
01-Sep-2023 22:03:27.184 INFO [main] org.apache.catalina.startup.VersionLoggerListener.log Command line argument:             -Dignore.endorsed.dirs=
01-Sep-2023 22:03:27.185 INFO [main] org.apache.catalina.startup.VersionLoggerListener.log Command line argument:             -Dcatalina.base=C:\Projectos Java\Web\apache-tomcat-9.0.80
01-Sep-2023 22:03:27.185 INFO [main] org.apache.catalina.startup.VersionLoggerListener.log Command line argument:             -Dcatalina.home=C:\Projectos Java\Web\apache-tomcat-9.0.80
01-Sep-2023 22:03:27.186 INFO [main] org.apache.catalina.startup.VersionLoggerListener.log Command line argument:             -Djava.io.tmpdir=C:\Projectos Java\Web\apache-tomcat-9.0.80\temp
01-Sep-2023 22:03:27.363 INFO [main] org.apache.catalina.core.AprLifecycleListener.lifecycleEvent Cargada la biblioteca nativa APR de Apache Tomcat [1.2.38] con la versión APR [1.7.4].
01-Sep-2023 22:03:27.363 INFO [main] org.apache.catalina.core.AprLifecycleListener.lifecycleEvent Capacidades APR: IPv6 [true], enviar fichero [true], aceptar filtros [false], aleatorio [true], UDS [true].
01-Sep-2023 22:03:27.363 INFO [main] org.apache.catalina.core.AprLifecycleListener.lifecycleEvent APR/OpenSSL configuration: useAprConnector [false], useOpenSSL [true]
01-Sep-2023 22:03:27.373 INFO [main] org.apache.catalina.core.AprLifecycleListener.initializeSSL OpenSSL inicializado correctamente [OpenSSL 1.1.1v  1 Aug 2023]
01-Sep-2023 22:03:27.724 INFO [main] org.apache.coyote.AbstractProtocol.init Inicializando el manejador de protocolo ["http-nio-8080"]

01-Sep-2023 22:03:27.759 INFO [main] org.apache.catalina.startup.Catalina.load Server initialization in [1195] milliseconds
01-Sep-2023 22:03:27.855 INFO [main] org.apache.catalina.core.StandardService.startInternal Arrancando servicio [Catalina]
01-Sep-2023 22:03:27.856 INFO [main] org.apache.catalina.core.StandardEngine.startInternal Starting Servlet engine: [Apache Tomcat/9.0.80]
01-Sep-2023 22:03:27.870 INFO [main] org.apache.catalina.startup.HostConfig.deployDescriptor Desplieque del descriptor de configuración [C:\Projectos Java\Web\apache-tomcat-9.0.80\conf\Catalina\localhost\ConsultorioOdontologico.xml]
01-Sep-2023 22:03:27.898 WARNING [main] org.apache.catalina.startup.HostConfig.deployDescriptor The path attribute with value [/ConsultorioOdontologico] in deployment descriptor [C:\Projectos Java\Web\apache-tomcat-9.0.80\conf\Catalina\localhost\ConsultorioOdontologico.xml] has been ignored
01-Sep-2023 22:03:30.809 INFO [main] org.apache.jasper.servlet.TldScanner.scanJars Al menos un JAR, que se ha explorado buscando TLDs, aún no contenía TLDs. Activar historial de depuración para este historiador para una completa lista de los JARs que fueron explorados y de los que nos se halló TLDs. Saltarse JARs no necesarios durante la exploración puede dar lugar a una mejora de tiempo significativa en el arranque y compilación de JSP .
01-Sep-2023 22:03:30.995 INFO [main] org.apache.catalina.startup.HostConfig.deployDescriptor Deployment of deployment descriptor [C:\Projectos Java\Web\apache-tomcat-9.0.80\conf\Catalina\localhost\ConsultorioOdontologico.xml] has finished in [3.122] ms
01-Sep-2023 22:03:30.995 INFO [main] org.apache.catalina.startup.HostConfig.deployDescriptor Desplieque del descriptor de configuración [C:\Projectos Java\Web\apache-tomcat-9.0.80\conf\Catalina\localhost\HolaMundoWeb.xml]
01-Sep-2023 22:03:30.997 WARNING [main] org.apache.catalina.startup.HostConfig.deployDescriptor The path attribute with value [/HolaMundoWeb] in deployment descriptor [C:\Projectos Java\Web\apache-tomcat-9.0.80\conf\Catalina\localhost\HolaMundoWeb.xml] has been ignored
01-Sep-2023 22:03:31.089 INFO [main] org.apache.catalina.startup.HostConfig.deployDescriptor Deployment of deployment descriptor [C:\Projectos Java\Web\apache-tomcat-9.0.80\conf\Catalina\localhost\HolaMundoWeb.xml] has finished in [93] ms
01-Sep-2023 22:03:31.090 INFO [main] org.apache.catalina.startup.HostConfig.deployDirectory Desplegando el directorio [C:\Projectos Java\Web\apache-tomcat-9.0.80\webapps\docs] de la aplicación web
01-Sep-2023 22:03:31.145 INFO [main] org.apache.catalina.startup.HostConfig.deployDirectory Deployment of web application directory [C:\Projectos Java\Web\apache-tomcat-9.0.80\webapps\docs] has finished in [56] ms
01-Sep-2023 22:03:31.145 INFO [main] org.apache.catalina.startup.HostConfig.deployDirectory Desplegando el directorio [C:\Projectos Java\Web\apache-tomcat-9.0.80\webapps\examples] de la aplicación web
01-Sep-2023 22:03:32.239 INFO [main] org.apache.catalina.startup.HostConfig.deployDirectory Deployment of web application directory [C:\Projectos Java\Web\apache-tomcat-9.0.80\webapps\examples] has finished in [1.092] ms
01-Sep-2023 22:03:32.239 INFO [main] org.apache.catalina.startup.HostConfig.deployDirectory Desplegando el directorio [C:\Projectos Java\Web\apache-tomcat-9.0.80\webapps\host-manager] de la aplicación web
01-Sep-2023 22:03:32.314 INFO [main] org.apache.catalina.startup.HostConfig.deployDirectory Deployment of web application directory [C:\Projectos Java\Web\apache-tomcat-9.0.80\webapps\host-manager] has finished in [75] ms
01-Sep-2023 22:03:32.316 INFO [main] org.apache.catalina.startup.HostConfig.deployDirectory Desplegando el directorio [C:\Projectos Java\Web\apache-tomcat-9.0.80\webapps\manager] de la aplicación web
01-Sep-2023 22:03:32.423 INFO [main] org.apache.catalina.startup.HostConfig.deployDirectory Deployment of web application directory [C:\Projectos Java\Web\apache-tomcat-9.0.80\webapps\manager] has finished in [107] ms
01-Sep-2023 22:03:32.424 INFO [main] org.apache.catalina.startup.HostConfig.deployDirectory Desplegando el directorio [C:\Projectos Java\Web\apache-tomcat-9.0.80\webapps\ROOT] de la aplicación web
01-Sep-2023 22:03:32.498 INFO [main] org.apache.catalina.startup.HostConfig.deployDirectory Deployment of web application directory [C:\Projectos Java\Web\apache-tomcat-9.0.80\webapps\ROOT] has finished in [75] ms
01-Sep-2023 22:03:32.507 INFO [main] org.apache.coyote.AbstractProtocol.start Starting ProtocolHandler ["http-nio-8080"]
01-Sep-2023 22:03:32.610 INFO [main] org.apache.catalina.startup.Catalina.start Server startup in [4851] milliseconds
01-Sep-2023 22:04:11.771 INFO [http-nio-8080-exec-10] org.apache.catalina.startup.HostConfig.undeploy Repliegue (undeploy) de la aplicación web que tiene como trayectoria de contexto [/ConsultorioOdontologico]
01-Sep-2023 22:04:11.823 INFO [http-nio-8080-exec-6] org.apache.catalina.startup.HostConfig.deployDescriptor Desplieque del descriptor de configuración [C:\Projectos Java\Web\apache-tomcat-9.0.80\conf\Catalina\localhost\ConsultorioOdontologico.xml]
01-Sep-2023 22:04:11.824 WARNING [http-nio-8080-exec-6] org.apache.catalina.startup.HostConfig.deployDescriptor The path attribute with value [/ConsultorioOdontologico] in deployment descriptor [C:\Projectos Java\Web\apache-tomcat-9.0.80\conf\Catalina\localhost\ConsultorioOdontologico.xml] has been ignored
01-Sep-2023 22:04:13.386 INFO [http-nio-8080-exec-6] org.apache.jasper.servlet.TldScanner.scanJars Al menos un JAR, que se ha explorado buscando TLDs, aún no contenía TLDs. Activar historial de depuración para este historiador para una completa lista de los JARs que fueron explorados y de los que nos se halló TLDs. Saltarse JARs no necesarios durante la exploración puede dar lugar a una mejora de tiempo significativa en el arranque y compilación de JSP .
01-Sep-2023 22:04:13.391 INFO [http-nio-8080-exec-6] org.apache.catalina.startup.HostConfig.deployDescriptor Deployment of deployment descriptor [C:\Projectos Java\Web\apache-tomcat-9.0.80\conf\Catalina\localhost\ConsultorioOdontologico.xml] has finished in [1.568] ms
01-Sep-2023 22:04:13.396 INFO [http-nio-8080-exec-8] org.apache.catalina.util.LifecycleBase.start The start() method was called on component [StandardEngine[Catalina].StandardHost[localhost].StandardContext[/ConsultorioOdontologico]] after start() had already been called. The second call will be ignored.
01-Sep-2023 22:26:04.040 WARNING [http-nio-8080-exec-20] org.apache.catalina.loader.WebappClassLoaderBase.clearReferencesJdbc La aplicación web [ConsultorioOdontologico] registró el conductor JDBC [com.mysql.cj.jdbc.Driver] pero falló al anular el registro mientras la aplicación web estaba parada. Para prevenir un fallo de memoria, se ha anulado el registro del conductor JDBC por la fuerza.
01-Sep-2023 22:26:04.041 WARNING [http-nio-8080-exec-20] org.apache.catalina.loader.WebappClassLoaderBase.clearReferencesThreads The web application [ConsultorioOdontologico] appears to have started a thread named [mysql-cj-abandoned-connection-cleanup] but has failed to stop it. This is very likely to create a memory leak. Stack trace of thread:
 java.base@17.0.8/java.lang.Object.wait(Native Method)
 java.base@17.0.8/java.lang.ref.ReferenceQueue.remove(ReferenceQueue.java:155)
 com.mysql.cj.jdbc.AbandonedConnectionCleanupThread.run(AbandonedConnectionCleanupThread.java:85)
 java.base@17.0.8/java.util.concurrent.ThreadPoolExecutor.runWorker(ThreadPoolExecutor.java:1136)
 java.base@17.0.8/java.util.concurrent.ThreadPoolExecutor$Worker.run(ThreadPoolExecutor.java:635)
 java.base@17.0.8/java.lang.Thread.run(Thread.java:833)
01-Sep-2023 22:26:04.553 INFO [http-nio-8080-exec-20] org.apache.catalina.startup.HostConfig.undeploy Repliegue (undeploy) de la aplicación web que tiene como trayectoria de contexto [/ConsultorioOdontologico]
01-Sep-2023 22:26:08.484 INFO [mysql-cj-abandoned-connection-cleanup] org.apache.catalina.loader.WebappClassLoaderBase.checkStateForResourceLoading Acceso ilegal: esta instancia de aplicación web ya ha sido parada.  Could not load [].  La eventual traza de pila que sigue ha sido motivada por un error lanzado con motivos de depuración así como para intentar terminar el hilo que motivó el acceso ilegal y no tiene impacto funcional.
	java.lang.IllegalStateException: Acceso ilegal: esta instancia de aplicación web ya ha sido parada.  Could not load [].  La eventual traza de pila que sigue ha sido motivada por un error lanzado con motivos de depuración así como para intentar terminar el hilo que motivó el acceso ilegal y no tiene impacto funcional.
		at org.apache.catalina.loader.WebappClassLoaderBase.checkStateForResourceLoading(WebappClassLoaderBase.java:1432)
		at org.apache.catalina.loader.WebappClassLoaderBase.getResource(WebappClassLoaderBase.java:1057)
		at com.mysql.cj.jdbc.AbandonedConnectionCleanupThread.checkThreadContextClassLoader(AbandonedConnectionCleanupThread.java:117)
		at com.mysql.cj.jdbc.AbandonedConnectionCleanupThread.run(AbandonedConnectionCleanupThread.java:84)
		at java.base/java.util.concurrent.ThreadPoolExecutor.runWorker(ThreadPoolExecutor.java:1136)
		at java.base/java.util.concurrent.ThreadPoolExecutor$Worker.run(ThreadPoolExecutor.java:635)
		at java.base/java.lang.Thread.run(Thread.java:833)
01-Sep-2023 22:26:44.131 INFO [http-nio-8080-exec-21] org.apache.catalina.startup.HostConfig.deployDescriptor Desplieque del descriptor de configuración [C:\Projectos Java\Web\apache-tomcat-9.0.80\conf\Catalina\localhost\ConsultorioOdontologico.xml]
01-Sep-2023 22:26:44.133 WARNING [http-nio-8080-exec-21] org.apache.catalina.startup.HostConfig.deployDescriptor The path attribute with value [/ConsultorioOdontologico] in deployment descriptor [C:\Projectos Java\Web\apache-tomcat-9.0.80\conf\Catalina\localhost\ConsultorioOdontologico.xml] has been ignored
01-Sep-2023 22:26:45.637 INFO [http-nio-8080-exec-21] org.apache.jasper.servlet.TldScanner.scanJars Al menos un JAR, que se ha explorado buscando TLDs, aún no contenía TLDs. Activar historial de depuración para este historiador para una completa lista de los JARs que fueron explorados y de los que nos se halló TLDs. Saltarse JARs no necesarios durante la exploración puede dar lugar a una mejora de tiempo significativa en el arranque y compilación de JSP .
01-Sep-2023 22:26:45.642 INFO [http-nio-8080-exec-21] org.apache.catalina.startup.HostConfig.deployDescriptor Deployment of deployment descriptor [C:\Projectos Java\Web\apache-tomcat-9.0.80\conf\Catalina\localhost\ConsultorioOdontologico.xml] has finished in [1.512] ms
01-Sep-2023 22:26:45.644 INFO [http-nio-8080-exec-22] org.apache.catalina.util.LifecycleBase.start The start() method was called on component [StandardEngine[Catalina].StandardHost[localhost].StandardContext[/ConsultorioOdontologico]] after start() had already been called. The second call will be ignored.
01-Sep-2023 22:32:12.464 INFO [http-nio-8080-exec-29] org.apache.catalina.startup.HostConfig.undeploy Repliegue (undeploy) de la aplicación web que tiene como trayectoria de contexto [/ConsultorioOdontologico]
01-Sep-2023 22:32:42.999 INFO [http-nio-8080-exec-31] org.apache.catalina.startup.HostConfig.deployDescriptor Desplieque del descriptor de configuración [C:\Projectos Java\Web\apache-tomcat-9.0.80\conf\Catalina\localhost\ConsultorioOdontologico.xml]
01-Sep-2023 22:32:43.000 WARNING [http-nio-8080-exec-31] org.apache.catalina.startup.HostConfig.deployDescriptor The path attribute with value [/ConsultorioOdontologico] in deployment descriptor [C:\Projectos Java\Web\apache-tomcat-9.0.80\conf\Catalina\localhost\ConsultorioOdontologico.xml] has been ignored
01-Sep-2023 22:32:44.282 INFO [http-nio-8080-exec-31] org.apache.jasper.servlet.TldScanner.scanJars Al menos un JAR, que se ha explorado buscando TLDs, aún no contenía TLDs. Activar historial de depuración para este historiador para una completa lista de los JARs que fueron explorados y de los que nos se halló TLDs. Saltarse JARs no necesarios durante la exploración puede dar lugar a una mejora de tiempo significativa en el arranque y compilación de JSP .
01-Sep-2023 22:32:44.286 INFO [http-nio-8080-exec-31] org.apache.catalina.startup.HostConfig.deployDescriptor Deployment of deployment descriptor [C:\Projectos Java\Web\apache-tomcat-9.0.80\conf\Catalina\localhost\ConsultorioOdontologico.xml] has finished in [1.287] ms
01-Sep-2023 22:32:44.289 INFO [http-nio-8080-exec-32] org.apache.catalina.util.LifecycleBase.start The start() method was called on component [StandardEngine[Catalina].StandardHost[localhost].StandardContext[/ConsultorioOdontologico]] after start() had already been called. The second call will be ignored.
01-Sep-2023 22:34:34.459 INFO [http-nio-8080-exec-30] org.apache.catalina.startup.HostConfig.undeploy Repliegue (undeploy) de la aplicación web que tiene como trayectoria de contexto [/ConsultorioOdontologico]
01-Sep-2023 22:34:34.483 INFO [http-nio-8080-exec-39] org.apache.catalina.startup.HostConfig.deployDescriptor Desplieque del descriptor de configuración [C:\Projectos Java\Web\apache-tomcat-9.0.80\conf\Catalina\localhost\ConsultorioOdontologico.xml]
01-Sep-2023 22:34:34.484 WARNING [http-nio-8080-exec-39] org.apache.catalina.startup.HostConfig.deployDescriptor The path attribute with value [/ConsultorioOdontologico] in deployment descriptor [C:\Projectos Java\Web\apache-tomcat-9.0.80\conf\Catalina\localhost\ConsultorioOdontologico.xml] has been ignored
01-Sep-2023 22:34:35.700 INFO [http-nio-8080-exec-39] org.apache.jasper.servlet.TldScanner.scanJars Al menos un JAR, que se ha explorado buscando TLDs, aún no contenía TLDs. Activar historial de depuración para este historiador para una completa lista de los JARs que fueron explorados y de los que nos se halló TLDs. Saltarse JARs no necesarios durante la exploración puede dar lugar a una mejora de tiempo significativa en el arranque y compilación de JSP .
01-Sep-2023 22:34:35.704 INFO [http-nio-8080-exec-39] org.apache.catalina.startup.HostConfig.deployDescriptor Deployment of deployment descriptor [C:\Projectos Java\Web\apache-tomcat-9.0.80\conf\Catalina\localhost\ConsultorioOdontologico.xml] has finished in [1.221] ms
01-Sep-2023 22:34:35.706 INFO [http-nio-8080-exec-36] org.apache.catalina.util.LifecycleBase.start The start() method was called on component [StandardEngine[Catalina].StandardHost[localhost].StandardContext[/ConsultorioOdontologico]] after start() had already been called. The second call will be ignored.
01-Sep-2023 22:36:55.740 INFO [http-nio-8080-exec-48] org.apache.catalina.core.StandardContext.reload Ha comenzado la recarga de Contexto [/ConsultorioOdontologico]
01-Sep-2023 22:36:57.534 INFO [http-nio-8080-exec-48] org.apache.jasper.servlet.TldScanner.scanJars Al menos un JAR, que se ha explorado buscando TLDs, aún no contenía TLDs. Activar historial de depuración para este historiador para una completa lista de los JARs que fueron explorados y de los que nos se halló TLDs. Saltarse JARs no necesarios durante la exploración puede dar lugar a una mejora de tiempo significativa en el arranque y compilación de JSP .
01-Sep-2023 22:36:57.548 INFO [http-nio-8080-exec-48] org.apache.catalina.core.StandardContext.reload Se ha completado la recarga de este Contexto
01-Sep-2023 22:36:57.970 INFO [http-nio-8080-exec-40] org.apache.catalina.core.StandardContext.reload Ha comenzado la recarga de Contexto [/ConsultorioOdontologico]
01-Sep-2023 22:36:59.515 INFO [http-nio-8080-exec-40] org.apache.jasper.servlet.TldScanner.scanJars Al menos un JAR, que se ha explorado buscando TLDs, aún no contenía TLDs. Activar historial de depuración para este historiador para una completa lista de los JARs que fueron explorados y de los que nos se halló TLDs. Saltarse JARs no necesarios durante la exploración puede dar lugar a una mejora de tiempo significativa en el arranque y compilación de JSP .
01-Sep-2023 22:36:59.519 INFO [http-nio-8080-exec-40] org.apache.catalina.core.StandardContext.reload Se ha completado la recarga de este Contexto
01-Sep-2023 22:37:26.104 INFO [http-nio-8080-exec-44] org.apache.catalina.core.StandardContext.reload Ha comenzado la recarga de Contexto [/ConsultorioOdontologico]
01-Sep-2023 22:37:27.481 INFO [http-nio-8080-exec-44] org.apache.jasper.servlet.TldScanner.scanJars Al menos un JAR, que se ha explorado buscando TLDs, aún no contenía TLDs. Activar historial de depuración para este historiador para una completa lista de los JARs que fueron explorados y de los que nos se halló TLDs. Saltarse JARs no necesarios durante la exploración puede dar lugar a una mejora de tiempo significativa en el arranque y compilación de JSP .
01-Sep-2023 22:37:27.485 INFO [http-nio-8080-exec-44] org.apache.catalina.core.StandardContext.reload Se ha completado la recarga de este Contexto
01-Sep-2023 22:41:02.674 INFO [http-nio-8080-exec-58] org.apache.catalina.startup.HostConfig.undeploy Repliegue (undeploy) de la aplicación web que tiene como trayectoria de contexto [/ConsultorioOdontologico]
01-Sep-2023 22:41:02.697 INFO [http-nio-8080-exec-59] org.apache.catalina.startup.HostConfig.deployDescriptor Desplieque del descriptor de configuración [C:\Projectos Java\Web\apache-tomcat-9.0.80\conf\Catalina\localhost\ConsultorioOdontologico.xml]
01-Sep-2023 22:41:02.699 WARNING [http-nio-8080-exec-59] org.apache.catalina.startup.HostConfig.deployDescriptor The path attribute with value [/ConsultorioOdontologico] in deployment descriptor [C:\Projectos Java\Web\apache-tomcat-9.0.80\conf\Catalina\localhost\ConsultorioOdontologico.xml] has been ignored
01-Sep-2023 22:41:03.971 INFO [http-nio-8080-exec-59] org.apache.jasper.servlet.TldScanner.scanJars Al menos un JAR, que se ha explorado buscando TLDs, aún no contenía TLDs. Activar historial de depuración para este historiador para una completa lista de los JARs que fueron explorados y de los que nos se halló TLDs. Saltarse JARs no necesarios durante la exploración puede dar lugar a una mejora de tiempo significativa en el arranque y compilación de JSP .
01-Sep-2023 22:41:03.974 INFO [http-nio-8080-exec-59] org.apache.catalina.startup.HostConfig.deployDescriptor Deployment of deployment descriptor [C:\Projectos Java\Web\apache-tomcat-9.0.80\conf\Catalina\localhost\ConsultorioOdontologico.xml] has finished in [1.276] ms
01-Sep-2023 22:41:03.976 INFO [http-nio-8080-exec-60] org.apache.catalina.util.LifecycleBase.start The start() method was called on component [StandardEngine[Catalina].StandardHost[localhost].StandardContext[/ConsultorioOdontologico]] after start() had already been called. The second call will be ignored.
01-Sep-2023 22:45:26.204 INFO [http-nio-8080-exec-67] org.apache.catalina.startup.HostConfig.undeploy Repliegue (undeploy) de la aplicación web que tiene como trayectoria de contexto [/ConsultorioOdontologico]
01-Sep-2023 22:45:45.168 INFO [http-nio-8080-exec-72] org.apache.catalina.startup.HostConfig.deployDescriptor Desplieque del descriptor de configuración [C:\Projectos Java\Web\apache-tomcat-9.0.80\conf\Catalina\localhost\ConsultorioOdontologico.xml]
01-Sep-2023 22:45:45.170 WARNING [http-nio-8080-exec-72] org.apache.catalina.startup.HostConfig.deployDescriptor The path attribute with value [/ConsultorioOdontologico] in deployment descriptor [C:\Projectos Java\Web\apache-tomcat-9.0.80\conf\Catalina\localhost\ConsultorioOdontologico.xml] has been ignored
01-Sep-2023 22:45:46.487 INFO [http-nio-8080-exec-72] org.apache.jasper.servlet.TldScanner.scanJars Al menos un JAR, que se ha explorado buscando TLDs, aún no contenía TLDs. Activar historial de depuración para este historiador para una completa lista de los JARs que fueron explorados y de los que nos se halló TLDs. Saltarse JARs no necesarios durante la exploración puede dar lugar a una mejora de tiempo significativa en el arranque y compilación de JSP .
01-Sep-2023 22:45:46.491 INFO [http-nio-8080-exec-72] org.apache.catalina.startup.HostConfig.deployDescriptor Deployment of deployment descriptor [C:\Projectos Java\Web\apache-tomcat-9.0.80\conf\Catalina\localhost\ConsultorioOdontologico.xml] has finished in [1.322] ms
01-Sep-2023 22:45:46.494 INFO [http-nio-8080-exec-73] org.apache.catalina.util.LifecycleBase.start The start() method was called on component [StandardEngine[Catalina].StandardHost[localhost].StandardContext[/ConsultorioOdontologico]] after start() had already been called. The second call will be ignored.
01-Sep-2023 22:49:25.226 INFO [http-nio-8080-exec-72] org.apache.catalina.startup.HostConfig.undeploy Repliegue (undeploy) de la aplicación web que tiene como trayectoria de contexto [/ConsultorioOdontologico]
01-Sep-2023 22:49:25.248 INFO [http-nio-8080-exec-78] org.apache.catalina.startup.HostConfig.deployDescriptor Desplieque del descriptor de configuración [C:\Projectos Java\Web\apache-tomcat-9.0.80\conf\Catalina\localhost\ConsultorioOdontologico.xml]
01-Sep-2023 22:49:25.249 WARNING [http-nio-8080-exec-78] org.apache.catalina.startup.HostConfig.deployDescriptor The path attribute with value [/ConsultorioOdontologico] in deployment descriptor [C:\Projectos Java\Web\apache-tomcat-9.0.80\conf\Catalina\localhost\ConsultorioOdontologico.xml] has been ignored
01-Sep-2023 22:49:26.479 INFO [http-nio-8080-exec-78] org.apache.jasper.servlet.TldScanner.scanJars Al menos un JAR, que se ha explorado buscando TLDs, aún no contenía TLDs. Activar historial de depuración para este historiador para una completa lista de los JARs que fueron explorados y de los que nos se halló TLDs. Saltarse JARs no necesarios durante la exploración puede dar lugar a una mejora de tiempo significativa en el arranque y compilación de JSP .
01-Sep-2023 22:49:26.482 INFO [http-nio-8080-exec-78] org.apache.catalina.startup.HostConfig.deployDescriptor Deployment of deployment descriptor [C:\Projectos Java\Web\apache-tomcat-9.0.80\conf\Catalina\localhost\ConsultorioOdontologico.xml] has finished in [1.233] ms
01-Sep-2023 22:49:26.484 INFO [http-nio-8080-exec-77] org.apache.catalina.util.LifecycleBase.start The start() method was called on component [StandardEngine[Catalina].StandardHost[localhost].StandardContext[/ConsultorioOdontologico]] after start() had already been called. The second call will be ignored.
01-Sep-2023 22:57:04.508 INFO [http-nio-8080-exec-89] org.apache.catalina.core.StandardContext.reload Ha comenzado la recarga de Contexto [/ConsultorioOdontologico]
01-Sep-2023 22:57:05.997 INFO [http-nio-8080-exec-89] org.apache.jasper.servlet.TldScanner.scanJars Al menos un JAR, que se ha explorado buscando TLDs, aún no contenía TLDs. Activar historial de depuración para este historiador para una completa lista de los JARs que fueron explorados y de los que nos se halló TLDs. Saltarse JARs no necesarios durante la exploración puede dar lugar a una mejora de tiempo significativa en el arranque y compilación de JSP .
01-Sep-2023 22:57:06.007 INFO [http-nio-8080-exec-89] org.apache.catalina.core.StandardContext.reload Se ha completado la recarga de este Contexto
01-Sep-2023 22:59:21.376 INFO [http-nio-8080-exec-97] org.apache.catalina.core.StandardContext.reload Ha comenzado la recarga de Contexto [/ConsultorioOdontologico]
01-Sep-2023 22:59:22.865 INFO [http-nio-8080-exec-97] org.apache.jasper.servlet.TldScanner.scanJars Al menos un JAR, que se ha explorado buscando TLDs, aún no contenía TLDs. Activar historial de depuración para este historiador para una completa lista de los JARs que fueron explorados y de los que nos se halló TLDs. Saltarse JARs no necesarios durante la exploración puede dar lugar a una mejora de tiempo significativa en el arranque y compilación de JSP .
01-Sep-2023 22:59:22.872 INFO [http-nio-8080-exec-97] org.apache.catalina.core.StandardContext.reload Se ha completado la recarga de este Contexto
01-Sep-2023 23:01:29.202 INFO [http-nio-8080-exec-103] org.apache.catalina.core.StandardContext.reload Ha comenzado la recarga de Contexto [/ConsultorioOdontologico]
01-Sep-2023 23:01:30.773 INFO [http-nio-8080-exec-103] org.apache.jasper.servlet.TldScanner.scanJars Al menos un JAR, que se ha explorado buscando TLDs, aún no contenía TLDs. Activar historial de depuración para este historiador para una completa lista de los JARs que fueron explorados y de los que nos se halló TLDs. Saltarse JARs no necesarios durante la exploración puede dar lugar a una mejora de tiempo significativa en el arranque y compilación de JSP .
01-Sep-2023 23:01:30.778 INFO [http-nio-8080-exec-103] org.apache.catalina.core.StandardContext.reload Se ha completado la recarga de este Contexto
01-Sep-2023 23:01:31.234 INFO [http-nio-8080-exec-98] org.apache.catalina.core.StandardContext.reload Ha comenzado la recarga de Contexto [/ConsultorioOdontologico]
01-Sep-2023 23:01:32.559 INFO [http-nio-8080-exec-98] org.apache.jasper.servlet.TldScanner.scanJars Al menos un JAR, que se ha explorado buscando TLDs, aún no contenía TLDs. Activar historial de depuración para este historiador para una completa lista de los JARs que fueron explorados y de los que nos se halló TLDs. Saltarse JARs no necesarios durante la exploración puede dar lugar a una mejora de tiempo significativa en el arranque y compilación de JSP .
01-Sep-2023 23:01:32.564 INFO [http-nio-8080-exec-98] org.apache.catalina.core.StandardContext.reload Se ha completado la recarga de este Contexto
01-Sep-2023 23:03:07.675 INFO [http-nio-8080-exec-109] org.apache.catalina.core.StandardContext.reload Ha comenzado la recarga de Contexto [/ConsultorioOdontologico]
01-Sep-2023 23:03:09.154 INFO [http-nio-8080-exec-109] org.apache.jasper.servlet.TldScanner.scanJars Al menos un JAR, que se ha explorado buscando TLDs, aún no contenía TLDs. Activar historial de depuración para este historiador para una completa lista de los JARs que fueron explorados y de los que nos se halló TLDs. Saltarse JARs no necesarios durante la exploración puede dar lugar a una mejora de tiempo significativa en el arranque y compilación de JSP .
01-Sep-2023 23:03:09.162 INFO [http-nio-8080-exec-109] org.apache.catalina.core.StandardContext.reload Se ha completado la recarga de este Contexto
01-Sep-2023 23:07:59.465 INFO [http-nio-8080-exec-112] org.apache.catalina.core.StandardContext.reload Ha comenzado la recarga de Contexto [/ConsultorioOdontologico]
01-Sep-2023 23:08:00.947 INFO [http-nio-8080-exec-112] org.apache.jasper.servlet.TldScanner.scanJars Al menos un JAR, que se ha explorado buscando TLDs, aún no contenía TLDs. Activar historial de depuración para este historiador para una completa lista de los JARs que fueron explorados y de los que nos se halló TLDs. Saltarse JARs no necesarios durante la exploración puede dar lugar a una mejora de tiempo significativa en el arranque y compilación de JSP .
01-Sep-2023 23:08:00.950 INFO [http-nio-8080-exec-112] org.apache.catalina.core.StandardContext.reload Se ha completado la recarga de este Contexto
01-Sep-2023 23:08:43.068 INFO [http-nio-8080-exec-114] org.apache.catalina.startup.HostConfig.undeploy Repliegue (undeploy) de la aplicación web que tiene como trayectoria de contexto [/ConsultorioOdontologico]
01-Sep-2023 23:08:43.096 INFO [http-nio-8080-exec-116] org.apache.catalina.startup.HostConfig.deployDescriptor Desplieque del descriptor de configuración [C:\Projectos Java\Web\apache-tomcat-9.0.80\conf\Catalina\localhost\ConsultorioOdontologico.xml]
01-Sep-2023 23:08:43.097 WARNING [http-nio-8080-exec-116] org.apache.catalina.startup.HostConfig.deployDescriptor The path attribute with value [/ConsultorioOdontologico] in deployment descriptor [C:\Projectos Java\Web\apache-tomcat-9.0.80\conf\Catalina\localhost\ConsultorioOdontologico.xml] has been ignored
01-Sep-2023 23:08:44.437 INFO [http-nio-8080-exec-116] org.apache.jasper.servlet.TldScanner.scanJars Al menos un JAR, que se ha explorado buscando TLDs, aún no contenía TLDs. Activar historial de depuración para este historiador para una completa lista de los JARs que fueron explorados y de los que nos se halló TLDs. Saltarse JARs no necesarios durante la exploración puede dar lugar a una mejora de tiempo significativa en el arranque y compilación de JSP .
01-Sep-2023 23:08:44.441 INFO [http-nio-8080-exec-116] org.apache.catalina.startup.HostConfig.deployDescriptor Deployment of deployment descriptor [C:\Projectos Java\Web\apache-tomcat-9.0.80\conf\Catalina\localhost\ConsultorioOdontologico.xml] has finished in [1.345] ms
01-Sep-2023 23:08:44.443 INFO [http-nio-8080-exec-117] org.apache.catalina.util.LifecycleBase.start The start() method was called on component [StandardEngine[Catalina].StandardHost[localhost].StandardContext[/ConsultorioOdontologico]] after start() had already been called. The second call will be ignored.
01-Sep-2023 23:22:38.135 WARNING [http-nio-8080-exec-124] org.apache.catalina.loader.WebappClassLoaderBase.clearReferencesJdbc La aplicación web [ConsultorioOdontologico] registró el conductor JDBC [com.mysql.cj.jdbc.Driver] pero falló al anular el registro mientras la aplicación web estaba parada. Para prevenir un fallo de memoria, se ha anulado el registro del conductor JDBC por la fuerza.
01-Sep-2023 23:22:38.135 WARNING [http-nio-8080-exec-124] org.apache.catalina.loader.WebappClassLoaderBase.clearReferencesThreads The web application [ConsultorioOdontologico] appears to have started a thread named [mysql-cj-abandoned-connection-cleanup] but has failed to stop it. This is very likely to create a memory leak. Stack trace of thread:
 java.base@17.0.8/java.lang.Object.wait(Native Method)
 java.base@17.0.8/java.lang.ref.ReferenceQueue.remove(ReferenceQueue.java:155)
 com.mysql.cj.jdbc.AbandonedConnectionCleanupThread.run(AbandonedConnectionCleanupThread.java:85)
 java.base@17.0.8/java.util.concurrent.ThreadPoolExecutor.runWorker(ThreadPoolExecutor.java:1136)
 java.base@17.0.8/java.util.concurrent.ThreadPoolExecutor$Worker.run(ThreadPoolExecutor.java:635)
 java.base@17.0.8/java.lang.Thread.run(Thread.java:833)
01-Sep-2023 23:22:38.647 INFO [http-nio-8080-exec-124] org.apache.catalina.startup.HostConfig.undeploy Repliegue (undeploy) de la aplicación web que tiene como trayectoria de contexto [/ConsultorioOdontologico]
01-Sep-2023 23:22:38.676 INFO [http-nio-8080-exec-126] org.apache.catalina.startup.HostConfig.deployDescriptor Desplieque del descriptor de configuración [C:\Projectos Java\Web\apache-tomcat-9.0.80\conf\Catalina\localhost\ConsultorioOdontologico.xml]
01-Sep-2023 23:22:38.678 WARNING [http-nio-8080-exec-126] org.apache.catalina.startup.HostConfig.deployDescriptor The path attribute with value [/ConsultorioOdontologico] in deployment descriptor [C:\Projectos Java\Web\apache-tomcat-9.0.80\conf\Catalina\localhost\ConsultorioOdontologico.xml] has been ignored
01-Sep-2023 23:22:38.953 INFO [mysql-cj-abandoned-connection-cleanup] org.apache.catalina.loader.WebappClassLoaderBase.checkStateForResourceLoading Acceso ilegal: esta instancia de aplicación web ya ha sido parada.  Could not load [].  La eventual traza de pila que sigue ha sido motivada por un error lanzado con motivos de depuración así como para intentar terminar el hilo que motivó el acceso ilegal y no tiene impacto funcional.
	java.lang.IllegalStateException: Acceso ilegal: esta instancia de aplicación web ya ha sido parada.  Could not load [].  La eventual traza de pila que sigue ha sido motivada por un error lanzado con motivos de depuración así como para intentar terminar el hilo que motivó el acceso ilegal y no tiene impacto funcional.
		at org.apache.catalina.loader.WebappClassLoaderBase.checkStateForResourceLoading(WebappClassLoaderBase.java:1432)
		at org.apache.catalina.loader.WebappClassLoaderBase.getResource(WebappClassLoaderBase.java:1057)
		at com.mysql.cj.jdbc.AbandonedConnectionCleanupThread.checkThreadContextClassLoader(AbandonedConnectionCleanupThread.java:117)
		at com.mysql.cj.jdbc.AbandonedConnectionCleanupThread.run(AbandonedConnectionCleanupThread.java:84)
		at java.base/java.util.concurrent.ThreadPoolExecutor.runWorker(ThreadPoolExecutor.java:1136)
		at java.base/java.util.concurrent.ThreadPoolExecutor$Worker.run(ThreadPoolExecutor.java:635)
		at java.base/java.lang.Thread.run(Thread.java:833)
01-Sep-2023 23:22:40.089 INFO [http-nio-8080-exec-126] org.apache.jasper.servlet.TldScanner.scanJars Al menos un JAR, que se ha explorado buscando TLDs, aún no contenía TLDs. Activar historial de depuración para este historiador para una completa lista de los JARs que fueron explorados y de los que nos se halló TLDs. Saltarse JARs no necesarios durante la exploración puede dar lugar a una mejora de tiempo significativa en el arranque y compilación de JSP .
01-Sep-2023 23:22:40.096 INFO [http-nio-8080-exec-126] org.apache.catalina.startup.HostConfig.deployDescriptor Deployment of deployment descriptor [C:\Projectos Java\Web\apache-tomcat-9.0.80\conf\Catalina\localhost\ConsultorioOdontologico.xml] has finished in [1.420] ms
01-Sep-2023 23:22:40.100 INFO [http-nio-8080-exec-131] org.apache.catalina.util.LifecycleBase.start The start() method was called on component [StandardEngine[Catalina].StandardHost[localhost].StandardContext[/ConsultorioOdontologico]] after start() had already been called. The second call will be ignored.
01-Sep-2023 23:23:18.729 INFO [http-nio-8080-exec-134] org.apache.catalina.startup.HostConfig.undeploy Repliegue (undeploy) de la aplicación web que tiene como trayectoria de contexto [/ConsultorioOdontologico]
01-Sep-2023 23:23:18.757 INFO [http-nio-8080-exec-131] org.apache.catalina.startup.HostConfig.deployDescriptor Desplieque del descriptor de configuración [C:\Projectos Java\Web\apache-tomcat-9.0.80\conf\Catalina\localhost\ConsultorioOdontologico.xml]
01-Sep-2023 23:23:18.758 WARNING [http-nio-8080-exec-131] org.apache.catalina.startup.HostConfig.deployDescriptor The path attribute with value [/ConsultorioOdontologico] in deployment descriptor [C:\Projectos Java\Web\apache-tomcat-9.0.80\conf\Catalina\localhost\ConsultorioOdontologico.xml] has been ignored
01-Sep-2023 23:23:20.009 INFO [http-nio-8080-exec-131] org.apache.jasper.servlet.TldScanner.scanJars Al menos un JAR, que se ha explorado buscando TLDs, aún no contenía TLDs. Activar historial de depuración para este historiador para una completa lista de los JARs que fueron explorados y de los que nos se halló TLDs. Saltarse JARs no necesarios durante la exploración puede dar lugar a una mejora de tiempo significativa en el arranque y compilación de JSP .
01-Sep-2023 23:23:20.012 INFO [http-nio-8080-exec-131] org.apache.catalina.startup.HostConfig.deployDescriptor Deployment of deployment descriptor [C:\Projectos Java\Web\apache-tomcat-9.0.80\conf\Catalina\localhost\ConsultorioOdontologico.xml] has finished in [1.255] ms
01-Sep-2023 23:23:20.014 INFO [http-nio-8080-exec-133] org.apache.catalina.util.LifecycleBase.start The start() method was called on component [StandardEngine[Catalina].StandardHost[localhost].StandardContext[/ConsultorioOdontologico]] after start() had already been called. The second call will be ignored.
01-Sep-2023 23:26:35.912 WARNING [http-nio-8080-exec-145] org.apache.catalina.loader.WebappClassLoaderBase.clearReferencesJdbc La aplicación web [ConsultorioOdontologico] registró el conductor JDBC [com.mysql.cj.jdbc.Driver] pero falló al anular el registro mientras la aplicación web estaba parada. Para prevenir un fallo de memoria, se ha anulado el registro del conductor JDBC por la fuerza.
01-Sep-2023 23:26:35.913 WARNING [http-nio-8080-exec-145] org.apache.catalina.loader.WebappClassLoaderBase.clearReferencesThreads The web application [ConsultorioOdontologico] appears to have started a thread named [mysql-cj-abandoned-connection-cleanup] but has failed to stop it. This is very likely to create a memory leak. Stack trace of thread:
 java.base@17.0.8/java.lang.Object.wait(Native Method)
 java.base@17.0.8/java.lang.ref.ReferenceQueue.remove(ReferenceQueue.java:155)
 com.mysql.cj.jdbc.AbandonedConnectionCleanupThread.run(AbandonedConnectionCleanupThread.java:85)
 java.base@17.0.8/java.util.concurrent.ThreadPoolExecutor.runWorker(ThreadPoolExecutor.java:1136)
 java.base@17.0.8/java.util.concurrent.ThreadPoolExecutor$Worker.run(ThreadPoolExecutor.java:635)
 java.base@17.0.8/java.lang.Thread.run(Thread.java:833)
01-Sep-2023 23:26:36.425 INFO [http-nio-8080-exec-145] org.apache.catalina.startup.HostConfig.undeploy Repliegue (undeploy) de la aplicación web que tiene como trayectoria de contexto [/ConsultorioOdontologico]
01-Sep-2023 23:26:36.477 INFO [http-nio-8080-exec-141] org.apache.catalina.startup.HostConfig.deployDescriptor Desplieque del descriptor de configuración [C:\Projectos Java\Web\apache-tomcat-9.0.80\conf\Catalina\localhost\ConsultorioOdontologico.xml]
01-Sep-2023 23:26:36.478 WARNING [http-nio-8080-exec-141] org.apache.catalina.startup.HostConfig.deployDescriptor The path attribute with value [/ConsultorioOdontologico] in deployment descriptor [C:\Projectos Java\Web\apache-tomcat-9.0.80\conf\Catalina\localhost\ConsultorioOdontologico.xml] has been ignored
01-Sep-2023 23:26:36.660 INFO [mysql-cj-abandoned-connection-cleanup] org.apache.catalina.loader.WebappClassLoaderBase.checkStateForResourceLoading Acceso ilegal: esta instancia de aplicación web ya ha sido parada.  Could not load [].  La eventual traza de pila que sigue ha sido motivada por un error lanzado con motivos de depuración así como para intentar terminar el hilo que motivó el acceso ilegal y no tiene impacto funcional.
	java.lang.IllegalStateException: Acceso ilegal: esta instancia de aplicación web ya ha sido parada.  Could not load [].  La eventual traza de pila que sigue ha sido motivada por un error lanzado con motivos de depuración así como para intentar terminar el hilo que motivó el acceso ilegal y no tiene impacto funcional.
		at org.apache.catalina.loader.WebappClassLoaderBase.checkStateForResourceLoading(WebappClassLoaderBase.java:1432)
		at org.apache.catalina.loader.WebappClassLoaderBase.getResource(WebappClassLoaderBase.java:1057)
		at com.mysql.cj.jdbc.AbandonedConnectionCleanupThread.checkThreadContextClassLoader(AbandonedConnectionCleanupThread.java:117)
		at com.mysql.cj.jdbc.AbandonedConnectionCleanupThread.run(AbandonedConnectionCleanupThread.java:84)
		at java.base/java.util.concurrent.ThreadPoolExecutor.runWorker(ThreadPoolExecutor.java:1136)
		at java.base/java.util.concurrent.ThreadPoolExecutor$Worker.run(ThreadPoolExecutor.java:635)
		at java.base/java.lang.Thread.run(Thread.java:833)
01-Sep-2023 23:26:37.795 INFO [http-nio-8080-exec-141] org.apache.jasper.servlet.TldScanner.scanJars Al menos un JAR, que se ha explorado buscando TLDs, aún no contenía TLDs. Activar historial de depuración para este historiador para una completa lista de los JARs que fueron explorados y de los que nos se halló TLDs. Saltarse JARs no necesarios durante la exploración puede dar lugar a una mejora de tiempo significativa en el arranque y compilación de JSP .
01-Sep-2023 23:26:37.798 INFO [http-nio-8080-exec-141] org.apache.catalina.startup.HostConfig.deployDescriptor Deployment of deployment descriptor [C:\Projectos Java\Web\apache-tomcat-9.0.80\conf\Catalina\localhost\ConsultorioOdontologico.xml] has finished in [1.321] ms
01-Sep-2023 23:26:37.800 INFO [http-nio-8080-exec-138] org.apache.catalina.util.LifecycleBase.start The start() method was called on component [StandardEngine[Catalina].StandardHost[localhost].StandardContext[/ConsultorioOdontologico]] after start() had already been called. The second call will be ignored.
01-Sep-2023 23:28:28.856 INFO [http-nio-8080-exec-151] org.apache.catalina.startup.HostConfig.undeploy Repliegue (undeploy) de la aplicación web que tiene como trayectoria de contexto [/ConsultorioOdontologico]
01-Sep-2023 23:28:28.886 INFO [http-nio-8080-exec-156] org.apache.catalina.startup.HostConfig.deployDescriptor Desplieque del descriptor de configuración [C:\Projectos Java\Web\apache-tomcat-9.0.80\conf\Catalina\localhost\ConsultorioOdontologico.xml]
01-Sep-2023 23:28:28.888 WARNING [http-nio-8080-exec-156] org.apache.catalina.startup.HostConfig.deployDescriptor The path attribute with value [/ConsultorioOdontologico] in deployment descriptor [C:\Projectos Java\Web\apache-tomcat-9.0.80\conf\Catalina\localhost\ConsultorioOdontologico.xml] has been ignored
01-Sep-2023 23:28:30.270 INFO [http-nio-8080-exec-156] org.apache.jasper.servlet.TldScanner.scanJars Al menos un JAR, que se ha explorado buscando TLDs, aún no contenía TLDs. Activar historial de depuración para este historiador para una completa lista de los JARs que fueron explorados y de los que nos se halló TLDs. Saltarse JARs no necesarios durante la exploración puede dar lugar a una mejora de tiempo significativa en el arranque y compilación de JSP .
01-Sep-2023 23:28:30.273 INFO [http-nio-8080-exec-156] org.apache.catalina.startup.HostConfig.deployDescriptor Deployment of deployment descriptor [C:\Projectos Java\Web\apache-tomcat-9.0.80\conf\Catalina\localhost\ConsultorioOdontologico.xml] has finished in [1.387] ms
01-Sep-2023 23:28:30.275 INFO [http-nio-8080-exec-143] org.apache.catalina.util.LifecycleBase.start The start() method was called on component [StandardEngine[Catalina].StandardHost[localhost].StandardContext[/ConsultorioOdontologico]] after start() had already been called. The second call will be ignored.
01-Sep-2023 23:34:03.270 WARNING [http-nio-8080-exec-162] org.apache.catalina.loader.WebappClassLoaderBase.clearReferencesJdbc La aplicación web [ConsultorioOdontologico] registró el conductor JDBC [com.mysql.cj.jdbc.Driver] pero falló al anular el registro mientras la aplicación web estaba parada. Para prevenir un fallo de memoria, se ha anulado el registro del conductor JDBC por la fuerza.
01-Sep-2023 23:34:03.271 WARNING [http-nio-8080-exec-162] org.apache.catalina.loader.WebappClassLoaderBase.clearReferencesThreads The web application [ConsultorioOdontologico] appears to have started a thread named [mysql-cj-abandoned-connection-cleanup] but has failed to stop it. This is very likely to create a memory leak. Stack trace of thread:
 java.base@17.0.8/java.lang.Object.wait(Native Method)
 java.base@17.0.8/java.lang.ref.ReferenceQueue.remove(ReferenceQueue.java:155)
 com.mysql.cj.jdbc.AbandonedConnectionCleanupThread.run(AbandonedConnectionCleanupThread.java:85)
 java.base@17.0.8/java.util.concurrent.ThreadPoolExecutor.runWorker(ThreadPoolExecutor.java:1136)
 java.base@17.0.8/java.util.concurrent.ThreadPoolExecutor$Worker.run(ThreadPoolExecutor.java:635)
 java.base@17.0.8/java.lang.Thread.run(Thread.java:833)
01-Sep-2023 23:34:03.782 INFO [http-nio-8080-exec-162] org.apache.catalina.startup.HostConfig.undeploy Repliegue (undeploy) de la aplicación web que tiene como trayectoria de contexto [/ConsultorioOdontologico]
01-Sep-2023 23:34:03.807 INFO [http-nio-8080-exec-166] org.apache.catalina.startup.HostConfig.deployDescriptor Desplieque del descriptor de configuración [C:\Projectos Java\Web\apache-tomcat-9.0.80\conf\Catalina\localhost\ConsultorioOdontologico.xml]
01-Sep-2023 23:34:03.809 WARNING [http-nio-8080-exec-166] org.apache.catalina.startup.HostConfig.deployDescriptor The path attribute with value [/ConsultorioOdontologico] in deployment descriptor [C:\Projectos Java\Web\apache-tomcat-9.0.80\conf\Catalina\localhost\ConsultorioOdontologico.xml] has been ignored
01-Sep-2023 23:34:04.539 INFO [mysql-cj-abandoned-connection-cleanup] org.apache.catalina.loader.WebappClassLoaderBase.checkStateForResourceLoading Acceso ilegal: esta instancia de aplicación web ya ha sido parada.  Could not load [].  La eventual traza de pila que sigue ha sido motivada por un error lanzado con motivos de depuración así como para intentar terminar el hilo que motivó el acceso ilegal y no tiene impacto funcional.
	java.lang.IllegalStateException: Acceso ilegal: esta instancia de aplicación web ya ha sido parada.  Could not load [].  La eventual traza de pila que sigue ha sido motivada por un error lanzado con motivos de depuración así como para intentar terminar el hilo que motivó el acceso ilegal y no tiene impacto funcional.
		at org.apache.catalina.loader.WebappClassLoaderBase.checkStateForResourceLoading(WebappClassLoaderBase.java:1432)
		at org.apache.catalina.loader.WebappClassLoaderBase.getResource(WebappClassLoaderBase.java:1057)
		at com.mysql.cj.jdbc.AbandonedConnectionCleanupThread.checkThreadContextClassLoader(AbandonedConnectionCleanupThread.java:117)
		at com.mysql.cj.jdbc.AbandonedConnectionCleanupThread.run(AbandonedConnectionCleanupThread.java:84)
		at java.base/java.util.concurrent.ThreadPoolExecutor.runWorker(ThreadPoolExecutor.java:1136)
		at java.base/java.util.concurrent.ThreadPoolExecutor$Worker.run(ThreadPoolExecutor.java:635)
		at java.base/java.lang.Thread.run(Thread.java:833)
01-Sep-2023 23:34:05.095 INFO [http-nio-8080-exec-166] org.apache.jasper.servlet.TldScanner.scanJars Al menos un JAR, que se ha explorado buscando TLDs, aún no contenía TLDs. Activar historial de depuración para este historiador para una completa lista de los JARs que fueron explorados y de los que nos se halló TLDs. Saltarse JARs no necesarios durante la exploración puede dar lugar a una mejora de tiempo significativa en el arranque y compilación de JSP .
01-Sep-2023 23:34:05.098 INFO [http-nio-8080-exec-166] org.apache.catalina.startup.HostConfig.deployDescriptor Deployment of deployment descriptor [C:\Projectos Java\Web\apache-tomcat-9.0.80\conf\Catalina\localhost\ConsultorioOdontologico.xml] has finished in [1.291] ms
01-Sep-2023 23:34:05.101 INFO [http-nio-8080-exec-161] org.apache.catalina.util.LifecycleBase.start The start() method was called on component [StandardEngine[Catalina].StandardHost[localhost].StandardContext[/ConsultorioOdontologico]] after start() had already been called. The second call will be ignored.
01-Sep-2023 23:38:10.062 INFO [http-nio-8080-exec-176] org.apache.catalina.core.StandardContext.reload Ha comenzado la recarga de Contexto [/ConsultorioOdontologico]
01-Sep-2023 23:38:10.064 WARNING [http-nio-8080-exec-176] org.apache.catalina.loader.WebappClassLoaderBase.clearReferencesJdbc La aplicación web [ConsultorioOdontologico] registró el conductor JDBC [com.mysql.cj.jdbc.Driver] pero falló al anular el registro mientras la aplicación web estaba parada. Para prevenir un fallo de memoria, se ha anulado el registro del conductor JDBC por la fuerza.
01-Sep-2023 23:38:10.065 WARNING [http-nio-8080-exec-176] org.apache.catalina.loader.WebappClassLoaderBase.clearReferencesThreads The web application [ConsultorioOdontologico] appears to have started a thread named [mysql-cj-abandoned-connection-cleanup] but has failed to stop it. This is very likely to create a memory leak. Stack trace of thread:
 java.base@17.0.8/java.lang.Object.wait(Native Method)
 java.base@17.0.8/java.lang.ref.ReferenceQueue.remove(ReferenceQueue.java:155)
 com.mysql.cj.jdbc.AbandonedConnectionCleanupThread.run(AbandonedConnectionCleanupThread.java:85)
 java.base@17.0.8/java.util.concurrent.ThreadPoolExecutor.runWorker(ThreadPoolExecutor.java:1136)
 java.base@17.0.8/java.util.concurrent.ThreadPoolExecutor$Worker.run(ThreadPoolExecutor.java:635)
 java.base@17.0.8/java.lang.Thread.run(Thread.java:833)
01-Sep-2023 23:38:10.080 INFO [mysql-cj-abandoned-connection-cleanup] org.apache.catalina.loader.WebappClassLoaderBase.checkStateForResourceLoading Acceso ilegal: esta instancia de aplicación web ya ha sido parada.  Could not load [].  La eventual traza de pila que sigue ha sido motivada por un error lanzado con motivos de depuración así como para intentar terminar el hilo que motivó el acceso ilegal y no tiene impacto funcional.
	java.lang.IllegalStateException: Acceso ilegal: esta instancia de aplicación web ya ha sido parada.  Could not load [].  La eventual traza de pila que sigue ha sido motivada por un error lanzado con motivos de depuración así como para intentar terminar el hilo que motivó el acceso ilegal y no tiene impacto funcional.
		at org.apache.catalina.loader.WebappClassLoaderBase.checkStateForResourceLoading(WebappClassLoaderBase.java:1432)
		at org.apache.catalina.loader.WebappClassLoaderBase.getResource(WebappClassLoaderBase.java:1057)
		at com.mysql.cj.jdbc.AbandonedConnectionCleanupThread.checkThreadContextClassLoader(AbandonedConnectionCleanupThread.java:117)
		at com.mysql.cj.jdbc.AbandonedConnectionCleanupThread.run(AbandonedConnectionCleanupThread.java:84)
		at java.base/java.util.concurrent.ThreadPoolExecutor.runWorker(ThreadPoolExecutor.java:1136)
		at java.base/java.util.concurrent.ThreadPoolExecutor$Worker.run(ThreadPoolExecutor.java:635)
		at java.base/java.lang.Thread.run(Thread.java:833)
01-Sep-2023 23:38:11.445 INFO [http-nio-8080-exec-176] org.apache.jasper.servlet.TldScanner.scanJars Al menos un JAR, que se ha explorado buscando TLDs, aún no contenía TLDs. Activar historial de depuración para este historiador para una completa lista de los JARs que fueron explorados y de los que nos se halló TLDs. Saltarse JARs no necesarios durante la exploración puede dar lugar a una mejora de tiempo significativa en el arranque y compilación de JSP .
01-Sep-2023 23:38:11.454 INFO [http-nio-8080-exec-176] org.apache.catalina.core.StandardContext.reload Se ha completado la recarga de este Contexto
01-Sep-2023 23:42:27.651 WARNING [http-nio-8080-exec-178] org.apache.catalina.loader.WebappClassLoaderBase.clearReferencesJdbc La aplicación web [ConsultorioOdontologico] registró el conductor JDBC [com.mysql.cj.jdbc.Driver] pero falló al anular el registro mientras la aplicación web estaba parada. Para prevenir un fallo de memoria, se ha anulado el registro del conductor JDBC por la fuerza.
01-Sep-2023 23:42:27.652 WARNING [http-nio-8080-exec-178] org.apache.catalina.loader.WebappClassLoaderBase.clearReferencesThreads The web application [ConsultorioOdontologico] appears to have started a thread named [mysql-cj-abandoned-connection-cleanup] but has failed to stop it. This is very likely to create a memory leak. Stack trace of thread:
 java.base@17.0.8/java.lang.Object.wait(Native Method)
 java.base@17.0.8/java.lang.ref.ReferenceQueue.remove(ReferenceQueue.java:155)
 com.mysql.cj.jdbc.AbandonedConnectionCleanupThread.run(AbandonedConnectionCleanupThread.java:85)
 java.base@17.0.8/java.util.concurrent.ThreadPoolExecutor.runWorker(ThreadPoolExecutor.java:1136)
 java.base@17.0.8/java.util.concurrent.ThreadPoolExecutor$Worker.run(ThreadPoolExecutor.java:635)
 java.base@17.0.8/java.lang.Thread.run(Thread.java:833)
01-Sep-2023 23:42:28.157 INFO [http-nio-8080-exec-178] org.apache.catalina.startup.HostConfig.undeploy Repliegue (undeploy) de la aplicación web que tiene como trayectoria de contexto [/ConsultorioOdontologico]
01-Sep-2023 23:42:28.501 INFO [mysql-cj-abandoned-connection-cleanup] org.apache.catalina.loader.WebappClassLoaderBase.checkStateForResourceLoading Acceso ilegal: esta instancia de aplicación web ya ha sido parada.  Could not load [].  La eventual traza de pila que sigue ha sido motivada por un error lanzado con motivos de depuración así como para intentar terminar el hilo que motivó el acceso ilegal y no tiene impacto funcional.
	java.lang.IllegalStateException: Acceso ilegal: esta instancia de aplicación web ya ha sido parada.  Could not load [].  La eventual traza de pila que sigue ha sido motivada por un error lanzado con motivos de depuración así como para intentar terminar el hilo que motivó el acceso ilegal y no tiene impacto funcional.
		at org.apache.catalina.loader.WebappClassLoaderBase.checkStateForResourceLoading(WebappClassLoaderBase.java:1432)
		at org.apache.catalina.loader.WebappClassLoaderBase.getResource(WebappClassLoaderBase.java:1057)
		at com.mysql.cj.jdbc.AbandonedConnectionCleanupThread.checkThreadContextClassLoader(AbandonedConnectionCleanupThread.java:117)
		at com.mysql.cj.jdbc.AbandonedConnectionCleanupThread.run(AbandonedConnectionCleanupThread.java:84)
		at java.base/java.util.concurrent.ThreadPoolExecutor.runWorker(ThreadPoolExecutor.java:1136)
		at java.base/java.util.concurrent.ThreadPoolExecutor$Worker.run(ThreadPoolExecutor.java:635)
		at java.base/java.lang.Thread.run(Thread.java:833)
01-Sep-2023 23:44:05.495 INFO [http-nio-8080-exec-183] org.apache.catalina.startup.HostConfig.deployDescriptor Desplieque del descriptor de configuración [C:\Projectos Java\Web\apache-tomcat-9.0.80\conf\Catalina\localhost\ConsultorioOdontologico.xml]
01-Sep-2023 23:44:05.497 WARNING [http-nio-8080-exec-183] org.apache.catalina.startup.HostConfig.deployDescriptor The path attribute with value [/ConsultorioOdontologico] in deployment descriptor [C:\Projectos Java\Web\apache-tomcat-9.0.80\conf\Catalina\localhost\ConsultorioOdontologico.xml] has been ignored
01-Sep-2023 23:44:06.831 INFO [http-nio-8080-exec-183] org.apache.jasper.servlet.TldScanner.scanJars Al menos un JAR, que se ha explorado buscando TLDs, aún no contenía TLDs. Activar historial de depuración para este historiador para una completa lista de los JARs que fueron explorados y de los que nos se halló TLDs. Saltarse JARs no necesarios durante la exploración puede dar lugar a una mejora de tiempo significativa en el arranque y compilación de JSP .
01-Sep-2023 23:44:06.834 INFO [http-nio-8080-exec-183] org.apache.catalina.startup.HostConfig.deployDescriptor Deployment of deployment descriptor [C:\Projectos Java\Web\apache-tomcat-9.0.80\conf\Catalina\localhost\ConsultorioOdontologico.xml] has finished in [1.339] ms
01-Sep-2023 23:44:06.836 INFO [http-nio-8080-exec-190] org.apache.catalina.util.LifecycleBase.start The start() method was called on component [StandardEngine[Catalina].StandardHost[localhost].StandardContext[/ConsultorioOdontologico]] after start() had already been called. The second call will be ignored.
01-Sep-2023 23:45:24.661 INFO [main] org.apache.catalina.core.StandardServer.await Se ha recibido un comando de apagado a través del puerto de apagado. Parando la instancia del Servidor.
01-Sep-2023 23:45:24.662 INFO [main] org.apache.coyote.AbstractProtocol.pause Pausing ProtocolHandler ["http-nio-8080"]
01-Sep-2023 23:45:24.677 INFO [main] org.apache.catalina.core.StandardService.stopInternal Parando servicio [Catalina]
01-Sep-2023 23:45:24.692 INFO [main] org.apache.coyote.AbstractProtocol.stop Stopping ProtocolHandler ["http-nio-8080"]
01-Sep-2023 23:45:24.709 INFO [main] org.apache.coyote.AbstractProtocol.destroy Destroying ProtocolHandler ["http-nio-8080"]
01-Sep-2023 23:47:33.841 INFO [main] org.apache.catalina.startup.VersionLoggerListener.log Nombre de la versión del servidor: Apache Tomcat/9.0.80
01-Sep-2023 23:47:33.846 INFO [main] org.apache.catalina.startup.VersionLoggerListener.log Server built:                      Aug 23 2023 21:59:38 UTC
01-Sep-2023 23:47:33.846 INFO [main] org.apache.catalina.startup.VersionLoggerListener.log Número de versión de servidor:     9.0.80.0
01-Sep-2023 23:47:33.846 INFO [main] org.apache.catalina.startup.VersionLoggerListener.log OS Name:                           Windows 10
01-Sep-2023 23:47:33.847 INFO [main] org.apache.catalina.startup.VersionLoggerListener.log Versión de Systema Operativo:      10.0
01-Sep-2023 23:47:33.847 INFO [main] org.apache.catalina.startup.VersionLoggerListener.log Arquitectura:                      amd64
01-Sep-2023 23:47:33.847 INFO [main] org.apache.catalina.startup.VersionLoggerListener.log Java Home:                         C:\Program Files\Java\jdk-17
01-Sep-2023 23:47:33.847 INFO [main] org.apache.catalina.startup.VersionLoggerListener.log JVM Version:                       17.0.8+9-LTS-211
01-Sep-2023 23:47:33.847 INFO [main] org.apache.catalina.startup.VersionLoggerListener.log Vededor JVM:                       Oracle Corporation
01-Sep-2023 23:47:33.847 INFO [main] org.apache.catalina.startup.VersionLoggerListener.log CATALINA_BASE:                     C:\Projectos Java\Web\apache-tomcat-9.0.80
01-Sep-2023 23:47:33.847 INFO [main] org.apache.catalina.startup.VersionLoggerListener.log CATALINA_HOME:                     C:\Projectos Java\Web\apache-tomcat-9.0.80
01-Sep-2023 23:47:33.865 INFO [main] org.apache.catalina.startup.VersionLoggerListener.log Command line argument:             --add-opens=java.base/java.lang=ALL-UNNAMED
01-Sep-2023 23:47:33.865 INFO [main] org.apache.catalina.startup.VersionLoggerListener.log Command line argument:             --add-opens=java.base/java.io=ALL-UNNAMED
01-Sep-2023 23:47:33.866 INFO [main] org.apache.catalina.startup.VersionLoggerListener.log Command line argument:             --add-opens=java.base/java.util=ALL-UNNAMED
01-Sep-2023 23:47:33.866 INFO [main] org.apache.catalina.startup.VersionLoggerListener.log Command line argument:             --add-opens=java.base/java.util.concurrent=ALL-UNNAMED
01-Sep-2023 23:47:33.866 INFO [main] org.apache.catalina.startup.VersionLoggerListener.log Command line argument:             --add-opens=java.rmi/sun.rmi.transport=ALL-UNNAMED
01-Sep-2023 23:47:33.866 INFO [main] org.apache.catalina.startup.VersionLoggerListener.log Command line argument:             -Djava.util.logging.config.file=C:\Projectos Java\Web\apache-tomcat-9.0.80\conf\logging.properties
01-Sep-2023 23:47:33.866 INFO [main] org.apache.catalina.startup.VersionLoggerListener.log Command line argument:             -Djava.util.logging.manager=org.apache.juli.ClassLoaderLogManager
01-Sep-2023 23:47:33.867 INFO [main] org.apache.catalina.startup.VersionLoggerListener.log Command line argument:             -Djdk.tls.ephemeralDHKeySize=2048
01-Sep-2023 23:47:33.867 INFO [main] org.apache.catalina.startup.VersionLoggerListener.log Command line argument:             -Djava.protocol.handler.pkgs=org.apache.catalina.webresources
01-Sep-2023 23:47:33.867 INFO [main] org.apache.catalina.startup.VersionLoggerListener.log Command line argument:             -Dignore.endorsed.dirs=
01-Sep-2023 23:47:33.867 INFO [main] org.apache.catalina.startup.VersionLoggerListener.log Command line argument:             -Dcatalina.base=C:\Projectos Java\Web\apache-tomcat-9.0.80
01-Sep-2023 23:47:33.867 INFO [main] org.apache.catalina.startup.VersionLoggerListener.log Command line argument:             -Dcatalina.home=C:\Projectos Java\Web\apache-tomcat-9.0.80
01-Sep-2023 23:47:33.867 INFO [main] org.apache.catalina.startup.VersionLoggerListener.log Command line argument:             -Djava.io.tmpdir=C:\Projectos Java\Web\apache-tomcat-9.0.80\temp
01-Sep-2023 23:47:33.871 INFO [main] org.apache.catalina.core.AprLifecycleListener.lifecycleEvent Cargada la biblioteca nativa APR de Apache Tomcat [1.2.38] con la versión APR [1.7.4].
01-Sep-2023 23:47:33.872 INFO [main] org.apache.catalina.core.AprLifecycleListener.lifecycleEvent Capacidades APR: IPv6 [true], enviar fichero [true], aceptar filtros [false], aleatorio [true], UDS [true].
01-Sep-2023 23:47:33.872 INFO [main] org.apache.catalina.core.AprLifecycleListener.lifecycleEvent APR/OpenSSL configuration: useAprConnector [false], useOpenSSL [true]
01-Sep-2023 23:47:33.880 INFO [main] org.apache.catalina.core.AprLifecycleListener.initializeSSL OpenSSL inicializado correctamente [OpenSSL 1.1.1v  1 Aug 2023]
01-Sep-2023 23:47:34.259 INFO [main] org.apache.coyote.AbstractProtocol.init Inicializando el manejador de protocolo ["http-nio-8080"]

01-Sep-2023 23:47:34.309 INFO [main] org.apache.catalina.startup.Catalina.load Server initialization in [865] milliseconds
01-Sep-2023 23:47:34.406 INFO [main] org.apache.catalina.core.StandardService.startInternal Arrancando servicio [Catalina]
01-Sep-2023 23:47:34.407 INFO [main] org.apache.catalina.core.StandardEngine.startInternal Starting Servlet engine: [Apache Tomcat/9.0.80]
01-Sep-2023 23:47:34.421 INFO [main] org.apache.catalina.startup.HostConfig.deployDescriptor Desplieque del descriptor de configuración [C:\Projectos Java\Web\apache-tomcat-9.0.80\conf\Catalina\localhost\ConsultorioOdontologico.xml]
01-Sep-2023 23:47:34.452 WARNING [main] org.apache.catalina.startup.HostConfig.deployDescriptor The path attribute with value [/ConsultorioOdontologico] in deployment descriptor [C:\Projectos Java\Web\apache-tomcat-9.0.80\conf\Catalina\localhost\ConsultorioOdontologico.xml] has been ignored
01-Sep-2023 23:47:36.500 INFO [main] org.apache.jasper.servlet.TldScanner.scanJars Al menos un JAR, que se ha explorado buscando TLDs, aún no contenía TLDs. Activar historial de depuración para este historiador para una completa lista de los JARs que fueron explorados y de los que nos se halló TLDs. Saltarse JARs no necesarios durante la exploración puede dar lugar a una mejora de tiempo significativa en el arranque y compilación de JSP .
01-Sep-2023 23:47:36.631 INFO [main] org.apache.catalina.startup.HostConfig.deployDescriptor Deployment of deployment descriptor [C:\Projectos Java\Web\apache-tomcat-9.0.80\conf\Catalina\localhost\ConsultorioOdontologico.xml] has finished in [2.209] ms
01-Sep-2023 23:47:36.632 INFO [main] org.apache.catalina.startup.HostConfig.deployDescriptor Desplieque del descriptor de configuración [C:\Projectos Java\Web\apache-tomcat-9.0.80\conf\Catalina\localhost\HolaMundoWeb.xml]
01-Sep-2023 23:47:36.633 WARNING [main] org.apache.catalina.startup.HostConfig.deployDescriptor The path attribute with value [/HolaMundoWeb] in deployment descriptor [C:\Projectos Java\Web\apache-tomcat-9.0.80\conf\Catalina\localhost\HolaMundoWeb.xml] has been ignored
01-Sep-2023 23:47:36.697 INFO [main] org.apache.catalina.startup.HostConfig.deployDescriptor Deployment of deployment descriptor [C:\Projectos Java\Web\apache-tomcat-9.0.80\conf\Catalina\localhost\HolaMundoWeb.xml] has finished in [65] ms
01-Sep-2023 23:47:36.698 INFO [main] org.apache.catalina.startup.HostConfig.deployDirectory Desplegando el directorio [C:\Projectos Java\Web\apache-tomcat-9.0.80\webapps\docs] de la aplicación web
01-Sep-2023 23:47:36.753 INFO [main] org.apache.catalina.startup.HostConfig.deployDirectory Deployment of web application directory [C:\Projectos Java\Web\apache-tomcat-9.0.80\webapps\docs] has finished in [55] ms
01-Sep-2023 23:47:36.754 INFO [main] org.apache.catalina.startup.HostConfig.deployDirectory Desplegando el directorio [C:\Projectos Java\Web\apache-tomcat-9.0.80\webapps\examples] de la aplicación web
01-Sep-2023 23:47:37.294 INFO [main] org.apache.catalina.startup.HostConfig.deployDirectory Deployment of web application directory [C:\Projectos Java\Web\apache-tomcat-9.0.80\webapps\examples] has finished in [541] ms
01-Sep-2023 23:47:37.295 INFO [main] org.apache.catalina.startup.HostConfig.deployDirectory Desplegando el directorio [C:\Projectos Java\Web\apache-tomcat-9.0.80\webapps\host-manager] de la aplicación web
01-Sep-2023 23:47:37.364 INFO [main] org.apache.catalina.startup.HostConfig.deployDirectory Deployment of web application directory [C:\Projectos Java\Web\apache-tomcat-9.0.80\webapps\host-manager] has finished in [69] ms
01-Sep-2023 23:47:37.365 INFO [main] org.apache.catalina.startup.HostConfig.deployDirectory Desplegando el directorio [C:\Projectos Java\Web\apache-tomcat-9.0.80\webapps\manager] de la aplicación web
01-Sep-2023 23:47:37.435 INFO [main] org.apache.catalina.startup.HostConfig.deployDirectory Deployment of web application directory [C:\Projectos Java\Web\apache-tomcat-9.0.80\webapps\manager] has finished in [70] ms
01-Sep-2023 23:47:37.436 INFO [main] org.apache.catalina.startup.HostConfig.deployDirectory Desplegando el directorio [C:\Projectos Java\Web\apache-tomcat-9.0.80\webapps\ROOT] de la aplicación web
01-Sep-2023 23:47:37.468 INFO [main] org.apache.catalina.startup.HostConfig.deployDirectory Deployment of web application directory [C:\Projectos Java\Web\apache-tomcat-9.0.80\webapps\ROOT] has finished in [31] ms
01-Sep-2023 23:47:37.474 INFO [main] org.apache.coyote.AbstractProtocol.start Starting ProtocolHandler ["http-nio-8080"]
01-Sep-2023 23:47:37.535 INFO [main] org.apache.catalina.startup.Catalina.start Server startup in [3224] milliseconds
01-Sep-2023 23:47:40.007 INFO [http-nio-8080-exec-2] org.apache.catalina.startup.HostConfig.undeploy Repliegue (undeploy) de la aplicación web que tiene como trayectoria de contexto [/ConsultorioOdontologico]
01-Sep-2023 23:47:40.065 INFO [http-nio-8080-exec-8] org.apache.catalina.startup.HostConfig.deployDescriptor Desplieque del descriptor de configuración [C:\Projectos Java\Web\apache-tomcat-9.0.80\conf\Catalina\localhost\ConsultorioOdontologico.xml]
01-Sep-2023 23:47:40.067 WARNING [http-nio-8080-exec-8] org.apache.catalina.startup.HostConfig.deployDescriptor The path attribute with value [/ConsultorioOdontologico] in deployment descriptor [C:\Projectos Java\Web\apache-tomcat-9.0.80\conf\Catalina\localhost\ConsultorioOdontologico.xml] has been ignored
01-Sep-2023 23:47:41.624 INFO [http-nio-8080-exec-8] org.apache.jasper.servlet.TldScanner.scanJars Al menos un JAR, que se ha explorado buscando TLDs, aún no contenía TLDs. Activar historial de depuración para este historiador para una completa lista de los JARs que fueron explorados y de los que nos se halló TLDs. Saltarse JARs no necesarios durante la exploración puede dar lugar a una mejora de tiempo significativa en el arranque y compilación de JSP .
01-Sep-2023 23:47:41.630 INFO [http-nio-8080-exec-8] org.apache.catalina.startup.HostConfig.deployDescriptor Deployment of deployment descriptor [C:\Projectos Java\Web\apache-tomcat-9.0.80\conf\Catalina\localhost\ConsultorioOdontologico.xml] has finished in [1.565] ms
01-Sep-2023 23:47:41.634 INFO [http-nio-8080-exec-9] org.apache.catalina.util.LifecycleBase.start The start() method was called on component [StandardEngine[Catalina].StandardHost[localhost].StandardContext[/ConsultorioOdontologico]] after start() had already been called. The second call will be ignored.
01-Sep-2023 23:51:09.906 INFO [http-nio-8080-exec-20] org.apache.catalina.startup.HostConfig.undeploy Repliegue (undeploy) de la aplicación web que tiene como trayectoria de contexto [/ConsultorioOdontologico]
01-Sep-2023 23:51:09.933 INFO [http-nio-8080-exec-14] org.apache.catalina.startup.HostConfig.deployDescriptor Desplieque del descriptor de configuración [C:\Projectos Java\Web\apache-tomcat-9.0.80\conf\Catalina\localhost\ConsultorioOdontologico.xml]
01-Sep-2023 23:51:09.934 WARNING [http-nio-8080-exec-14] org.apache.catalina.startup.HostConfig.deployDescriptor The path attribute with value [/ConsultorioOdontologico] in deployment descriptor [C:\Projectos Java\Web\apache-tomcat-9.0.80\conf\Catalina\localhost\ConsultorioOdontologico.xml] has been ignored
01-Sep-2023 23:51:11.427 INFO [http-nio-8080-exec-14] org.apache.jasper.servlet.TldScanner.scanJars Al menos un JAR, que se ha explorado buscando TLDs, aún no contenía TLDs. Activar historial de depuración para este historiador para una completa lista de los JARs que fueron explorados y de los que nos se halló TLDs. Saltarse JARs no necesarios durante la exploración puede dar lugar a una mejora de tiempo significativa en el arranque y compilación de JSP .
01-Sep-2023 23:51:11.432 INFO [http-nio-8080-exec-14] org.apache.catalina.startup.HostConfig.deployDescriptor Deployment of deployment descriptor [C:\Projectos Java\Web\apache-tomcat-9.0.80\conf\Catalina\localhost\ConsultorioOdontologico.xml] has finished in [1.499] ms
01-Sep-2023 23:51:11.435 INFO [http-nio-8080-exec-19] org.apache.catalina.util.LifecycleBase.start The start() method was called on component [StandardEngine[Catalina].StandardHost[localhost].StandardContext[/ConsultorioOdontologico]] after start() had already been called. The second call will be ignored.
01-Sep-2023 23:51:38.771 INFO [main] org.apache.catalina.core.StandardServer.await Se ha recibido un comando de apagado a través del puerto de apagado. Parando la instancia del Servidor.
01-Sep-2023 23:51:38.771 INFO [main] org.apache.coyote.AbstractProtocol.pause Pausing ProtocolHandler ["http-nio-8080"]
01-Sep-2023 23:51:38.791 INFO [main] org.apache.catalina.core.StandardService.stopInternal Parando servicio [Catalina]
01-Sep-2023 23:51:38.818 INFO [main] org.apache.coyote.AbstractProtocol.stop Stopping ProtocolHandler ["http-nio-8080"]
01-Sep-2023 23:51:38.825 INFO [main] org.apache.coyote.AbstractProtocol.destroy Destroying ProtocolHandler ["http-nio-8080"]
