29-Aug-2023 20:44:06.548 INFO [main] org.apache.catalina.startup.VersionLoggerListener.log Nombre de la versión del servidor: Apache Tomcat/9.0.80
29-Aug-2023 20:44:06.553 INFO [main] org.apache.catalina.startup.VersionLoggerListener.log Server built:                      Aug 23 2023 21:59:38 UTC
29-Aug-2023 20:44:06.553 INFO [main] org.apache.catalina.startup.VersionLoggerListener.log Número de versión de servidor:     9.0.80.0
29-Aug-2023 20:44:06.553 INFO [main] org.apache.catalina.startup.VersionLoggerListener.log OS Name:                           Windows 10
29-Aug-2023 20:44:06.553 INFO [main] org.apache.catalina.startup.VersionLoggerListener.log Versión de Systema Operativo:      10.0
29-Aug-2023 20:44:06.553 INFO [main] org.apache.catalina.startup.VersionLoggerListener.log Arquitectura:                      amd64
29-Aug-2023 20:44:06.554 INFO [main] org.apache.catalina.startup.VersionLoggerListener.log Java Home:                         C:\Program Files\Java\jdk-17
29-Aug-2023 20:44:06.554 INFO [main] org.apache.catalina.startup.VersionLoggerListener.log JVM Version:                       17.0.8+9-LTS-211
29-Aug-2023 20:44:06.554 INFO [main] org.apache.catalina.startup.VersionLoggerListener.log Vededor JVM:                       Oracle Corporation
29-Aug-2023 20:44:06.554 INFO [main] org.apache.catalina.startup.VersionLoggerListener.log CATALINA_BASE:                     C:\Projectos Java\Web\apache-tomcat-9.0.80
29-Aug-2023 20:44:06.554 INFO [main] org.apache.catalina.startup.VersionLoggerListener.log CATALINA_HOME:                     C:\Projectos Java\Web\apache-tomcat-9.0.80
29-Aug-2023 20:44:06.571 INFO [main] org.apache.catalina.startup.VersionLoggerListener.log Command line argument:             --add-opens=java.base/java.lang=ALL-UNNAMED
29-Aug-2023 20:44:06.571 INFO [main] org.apache.catalina.startup.VersionLoggerListener.log Command line argument:             --add-opens=java.base/java.io=ALL-UNNAMED
29-Aug-2023 20:44:06.572 INFO [main] org.apache.catalina.startup.VersionLoggerListener.log Command line argument:             --add-opens=java.base/java.util=ALL-UNNAMED
29-Aug-2023 20:44:06.572 INFO [main] org.apache.catalina.startup.VersionLoggerListener.log Command line argument:             --add-opens=java.base/java.util.concurrent=ALL-UNNAMED
29-Aug-2023 20:44:06.572 INFO [main] org.apache.catalina.startup.VersionLoggerListener.log Command line argument:             --add-opens=java.rmi/sun.rmi.transport=ALL-UNNAMED
29-Aug-2023 20:44:06.572 INFO [main] org.apache.catalina.startup.VersionLoggerListener.log Command line argument:             -Djava.util.logging.config.file=C:\Projectos Java\Web\apache-tomcat-9.0.80\conf\logging.properties
29-Aug-2023 20:44:06.572 INFO [main] org.apache.catalina.startup.VersionLoggerListener.log Command line argument:             -Djava.util.logging.manager=org.apache.juli.ClassLoaderLogManager
29-Aug-2023 20:44:06.572 INFO [main] org.apache.catalina.startup.VersionLoggerListener.log Command line argument:             -Djdk.tls.ephemeralDHKeySize=2048
29-Aug-2023 20:44:06.573 INFO [main] org.apache.catalina.startup.VersionLoggerListener.log Command line argument:             -Djava.protocol.handler.pkgs=org.apache.catalina.webresources
29-Aug-2023 20:44:06.573 INFO [main] org.apache.catalina.startup.VersionLoggerListener.log Command line argument:             -Dignore.endorsed.dirs=
29-Aug-2023 20:44:06.573 INFO [main] org.apache.catalina.startup.VersionLoggerListener.log Command line argument:             -Dcatalina.base=C:\Projectos Java\Web\apache-tomcat-9.0.80
29-Aug-2023 20:44:06.573 INFO [main] org.apache.catalina.startup.VersionLoggerListener.log Command line argument:             -Dcatalina.home=C:\Projectos Java\Web\apache-tomcat-9.0.80
29-Aug-2023 20:44:06.573 INFO [main] org.apache.catalina.startup.VersionLoggerListener.log Command line argument:             -Djava.io.tmpdir=C:\Projectos Java\Web\apache-tomcat-9.0.80\temp
29-Aug-2023 20:44:06.612 INFO [main] org.apache.catalina.core.AprLifecycleListener.lifecycleEvent Cargada la biblioteca nativa APR de Apache Tomcat [1.2.38] con la versión APR [1.7.4].
29-Aug-2023 20:44:06.612 INFO [main] org.apache.catalina.core.AprLifecycleListener.lifecycleEvent Capacidades APR: IPv6 [true], enviar fichero [true], aceptar filtros [false], aleatorio [true], UDS [true].
29-Aug-2023 20:44:06.612 INFO [main] org.apache.catalina.core.AprLifecycleListener.lifecycleEvent APR/OpenSSL configuration: useAprConnector [false], useOpenSSL [true]
29-Aug-2023 20:44:06.631 INFO [main] org.apache.catalina.core.AprLifecycleListener.initializeSSL OpenSSL inicializado correctamente [OpenSSL 1.1.1v  1 Aug 2023]
29-Aug-2023 20:44:06.920 INFO [main] org.apache.coyote.AbstractProtocol.init Inicializando el manejador de protocolo ["http-nio-8080"]

29-Aug-2023 20:44:06.949 INFO [main] org.apache.catalina.startup.Catalina.load Server initialization in [706] milliseconds
29-Aug-2023 20:44:07.019 INFO [main] org.apache.catalina.core.StandardService.startInternal Arrancando servicio [Catalina]
29-Aug-2023 20:44:07.019 INFO [main] org.apache.catalina.core.StandardEngine.startInternal Starting Servlet engine: [Apache Tomcat/9.0.80]
29-Aug-2023 20:44:07.031 INFO [main] org.apache.catalina.startup.HostConfig.deployDescriptor Desplieque del descriptor de configuración [C:\Projectos Java\Web\apache-tomcat-9.0.80\conf\Catalina\localhost\HolaMundoWeb.xml]
29-Aug-2023 20:44:07.048 WARNING [main] org.apache.catalina.startup.HostConfig.deployDescriptor The path attribute with value [/HolaMundoWeb] in deployment descriptor [C:\Projectos Java\Web\apache-tomcat-9.0.80\conf\Catalina\localhost\HolaMundoWeb.xml] has been ignored
29-Aug-2023 20:44:07.458 INFO [main] org.apache.catalina.startup.HostConfig.deployDescriptor Deployment of deployment descriptor [C:\Projectos Java\Web\apache-tomcat-9.0.80\conf\Catalina\localhost\HolaMundoWeb.xml] has finished in [426] ms
29-Aug-2023 20:44:07.459 INFO [main] org.apache.catalina.startup.HostConfig.deployDirectory Desplegando el directorio [C:\Projectos Java\Web\apache-tomcat-9.0.80\webapps\docs] de la aplicación web
29-Aug-2023 20:44:07.511 INFO [main] org.apache.catalina.startup.HostConfig.deployDirectory Deployment of web application directory [C:\Projectos Java\Web\apache-tomcat-9.0.80\webapps\docs] has finished in [52] ms
29-Aug-2023 20:44:07.512 INFO [main] org.apache.catalina.startup.HostConfig.deployDirectory Desplegando el directorio [C:\Projectos Java\Web\apache-tomcat-9.0.80\webapps\examples] de la aplicación web
29-Aug-2023 20:44:08.311 INFO [main] org.apache.catalina.startup.HostConfig.deployDirectory Deployment of web application directory [C:\Projectos Java\Web\apache-tomcat-9.0.80\webapps\examples] has finished in [799] ms
29-Aug-2023 20:44:08.312 INFO [main] org.apache.catalina.startup.HostConfig.deployDirectory Desplegando el directorio [C:\Projectos Java\Web\apache-tomcat-9.0.80\webapps\host-manager] de la aplicación web
29-Aug-2023 20:44:08.373 INFO [main] org.apache.catalina.startup.HostConfig.deployDirectory Deployment of web application directory [C:\Projectos Java\Web\apache-tomcat-9.0.80\webapps\host-manager] has finished in [61] ms
29-Aug-2023 20:44:08.373 INFO [main] org.apache.catalina.startup.HostConfig.deployDirectory Desplegando el directorio [C:\Projectos Java\Web\apache-tomcat-9.0.80\webapps\manager] de la aplicación web
29-Aug-2023 20:44:08.427 INFO [main] org.apache.catalina.startup.HostConfig.deployDirectory Deployment of web application directory [C:\Projectos Java\Web\apache-tomcat-9.0.80\webapps\manager] has finished in [54] ms
29-Aug-2023 20:44:08.427 INFO [main] org.apache.catalina.startup.HostConfig.deployDirectory Desplegando el directorio [C:\Projectos Java\Web\apache-tomcat-9.0.80\webapps\ROOT] de la aplicación web
29-Aug-2023 20:44:08.462 INFO [main] org.apache.catalina.startup.HostConfig.deployDirectory Deployment of web application directory [C:\Projectos Java\Web\apache-tomcat-9.0.80\webapps\ROOT] has finished in [35] ms
29-Aug-2023 20:44:08.468 INFO [main] org.apache.coyote.AbstractProtocol.start Starting ProtocolHandler ["http-nio-8080"]
29-Aug-2023 20:44:08.527 INFO [main] org.apache.catalina.startup.Catalina.start Server startup in [1576] milliseconds
29-Aug-2023 20:44:10.523 INFO [http-nio-8080-exec-9] org.apache.catalina.startup.HostConfig.deployDescriptor Desplieque del descriptor de configuración [C:\Projectos Java\Web\apache-tomcat-9.0.80\conf\Catalina\localhost\ConsultorioOdontologico.xml]
29-Aug-2023 20:44:10.525 WARNING [http-nio-8080-exec-9] org.apache.catalina.startup.HostConfig.deployDescriptor The path attribute with value [/ConsultorioOdontologico] in deployment descriptor [C:\Projectos Java\Web\apache-tomcat-9.0.80\conf\Catalina\localhost\ConsultorioOdontologico.xml] has been ignored
29-Aug-2023 20:44:11.077 INFO [http-nio-8080-exec-9] org.apache.jasper.servlet.TldScanner.scanJars Al menos un JAR, que se ha explorado buscando TLDs, aún no contenía TLDs. Activar historial de depuración para este historiador para una completa lista de los JARs que fueron explorados y de los que nos se halló TLDs. Saltarse JARs no necesarios durante la exploración puede dar lugar a una mejora de tiempo significativa en el arranque y compilación de JSP .
29-Aug-2023 20:44:11.081 INFO [http-nio-8080-exec-9] org.apache.catalina.startup.HostConfig.deployDescriptor Deployment of deployment descriptor [C:\Projectos Java\Web\apache-tomcat-9.0.80\conf\Catalina\localhost\ConsultorioOdontologico.xml] has finished in [559] ms
29-Aug-2023 20:44:11.088 INFO [http-nio-8080-exec-10] org.apache.catalina.util.LifecycleBase.start The start() method was called on component [StandardEngine[Catalina].StandardHost[localhost].StandardContext[/ConsultorioOdontologico]] after start() had already been called. The second call will be ignored.
29-Aug-2023 20:46:35.155 INFO [http-nio-8080-exec-8] org.apache.catalina.startup.HostConfig.undeploy Repliegue (undeploy) de la aplicación web que tiene como trayectoria de contexto [/ConsultorioOdontologico]
29-Aug-2023 20:46:54.412 INFO [http-nio-8080-exec-10] org.apache.catalina.startup.HostConfig.deployDescriptor Desplieque del descriptor de configuración [C:\Projectos Java\Web\apache-tomcat-9.0.80\conf\Catalina\localhost\ConsultorioOdontologico.xml]
29-Aug-2023 20:46:54.413 WARNING [http-nio-8080-exec-10] org.apache.catalina.startup.HostConfig.deployDescriptor The path attribute with value [/ConsultorioOdontologico] in deployment descriptor [C:\Projectos Java\Web\apache-tomcat-9.0.80\conf\Catalina\localhost\ConsultorioOdontologico.xml] has been ignored
29-Aug-2023 20:46:54.837 INFO [http-nio-8080-exec-10] org.apache.jasper.servlet.TldScanner.scanJars Al menos un JAR, que se ha explorado buscando TLDs, aún no contenía TLDs. Activar historial de depuración para este historiador para una completa lista de los JARs que fueron explorados y de los que nos se halló TLDs. Saltarse JARs no necesarios durante la exploración puede dar lugar a una mejora de tiempo significativa en el arranque y compilación de JSP .
29-Aug-2023 20:46:54.841 INFO [http-nio-8080-exec-10] org.apache.catalina.startup.HostConfig.deployDescriptor Deployment of deployment descriptor [C:\Projectos Java\Web\apache-tomcat-9.0.80\conf\Catalina\localhost\ConsultorioOdontologico.xml] has finished in [429] ms
29-Aug-2023 20:46:54.844 INFO [http-nio-8080-exec-9] org.apache.catalina.util.LifecycleBase.start The start() method was called on component [StandardEngine[Catalina].StandardHost[localhost].StandardContext[/ConsultorioOdontologico]] after start() had already been called. The second call will be ignored.
29-Aug-2023 20:47:56.365 INFO [http-nio-8080-exec-5] org.apache.catalina.startup.HostConfig.undeploy Repliegue (undeploy) de la aplicación web que tiene como trayectoria de contexto [/ConsultorioOdontologico]
29-Aug-2023 20:47:56.382 INFO [http-nio-8080-exec-11] org.apache.catalina.startup.HostConfig.deployDescriptor Desplieque del descriptor de configuración [C:\Projectos Java\Web\apache-tomcat-9.0.80\conf\Catalina\localhost\ConsultorioOdontologico.xml]
29-Aug-2023 20:47:56.383 WARNING [http-nio-8080-exec-11] org.apache.catalina.startup.HostConfig.deployDescriptor The path attribute with value [/ConsultorioOdontologico] in deployment descriptor [C:\Projectos Java\Web\apache-tomcat-9.0.80\conf\Catalina\localhost\ConsultorioOdontologico.xml] has been ignored
29-Aug-2023 20:47:56.806 INFO [http-nio-8080-exec-11] org.apache.jasper.servlet.TldScanner.scanJars Al menos un JAR, que se ha explorado buscando TLDs, aún no contenía TLDs. Activar historial de depuración para este historiador para una completa lista de los JARs que fueron explorados y de los que nos se halló TLDs. Saltarse JARs no necesarios durante la exploración puede dar lugar a una mejora de tiempo significativa en el arranque y compilación de JSP .
29-Aug-2023 20:47:56.810 INFO [http-nio-8080-exec-11] org.apache.catalina.startup.HostConfig.deployDescriptor Deployment of deployment descriptor [C:\Projectos Java\Web\apache-tomcat-9.0.80\conf\Catalina\localhost\ConsultorioOdontologico.xml] has finished in [427] ms
29-Aug-2023 20:47:56.814 INFO [http-nio-8080-exec-12] org.apache.catalina.util.LifecycleBase.start The start() method was called on component [StandardEngine[Catalina].StandardHost[localhost].StandardContext[/ConsultorioOdontologico]] after start() had already been called. The second call will be ignored.
29-Aug-2023 20:49:12.397 INFO [http-nio-8080-exec-2] org.apache.catalina.startup.HostConfig.undeploy Repliegue (undeploy) de la aplicación web que tiene como trayectoria de contexto [/ConsultorioOdontologico]
29-Aug-2023 20:49:12.413 INFO [http-nio-8080-exec-17] org.apache.catalina.startup.HostConfig.deployDescriptor Desplieque del descriptor de configuración [C:\Projectos Java\Web\apache-tomcat-9.0.80\conf\Catalina\localhost\ConsultorioOdontologico.xml]
29-Aug-2023 20:49:12.414 WARNING [http-nio-8080-exec-17] org.apache.catalina.startup.HostConfig.deployDescriptor The path attribute with value [/ConsultorioOdontologico] in deployment descriptor [C:\Projectos Java\Web\apache-tomcat-9.0.80\conf\Catalina\localhost\ConsultorioOdontologico.xml] has been ignored
29-Aug-2023 20:49:12.834 INFO [http-nio-8080-exec-17] org.apache.jasper.servlet.TldScanner.scanJars Al menos un JAR, que se ha explorado buscando TLDs, aún no contenía TLDs. Activar historial de depuración para este historiador para una completa lista de los JARs que fueron explorados y de los que nos se halló TLDs. Saltarse JARs no necesarios durante la exploración puede dar lugar a una mejora de tiempo significativa en el arranque y compilación de JSP .
29-Aug-2023 20:49:12.837 INFO [http-nio-8080-exec-17] org.apache.catalina.startup.HostConfig.deployDescriptor Deployment of deployment descriptor [C:\Projectos Java\Web\apache-tomcat-9.0.80\conf\Catalina\localhost\ConsultorioOdontologico.xml] has finished in [425] ms
29-Aug-2023 20:49:12.839 INFO [http-nio-8080-exec-12] org.apache.catalina.util.LifecycleBase.start The start() method was called on component [StandardEngine[Catalina].StandardHost[localhost].StandardContext[/ConsultorioOdontologico]] after start() had already been called. The second call will be ignored.
29-Aug-2023 20:52:43.882 INFO [http-nio-8080-exec-25] org.apache.catalina.startup.HostConfig.undeploy Repliegue (undeploy) de la aplicación web que tiene como trayectoria de contexto [/ConsultorioOdontologico]
29-Aug-2023 20:52:43.913 INFO [http-nio-8080-exec-29] org.apache.catalina.startup.HostConfig.deployDescriptor Desplieque del descriptor de configuración [C:\Projectos Java\Web\apache-tomcat-9.0.80\conf\Catalina\localhost\ConsultorioOdontologico.xml]
29-Aug-2023 20:52:43.915 WARNING [http-nio-8080-exec-29] org.apache.catalina.startup.HostConfig.deployDescriptor The path attribute with value [/ConsultorioOdontologico] in deployment descriptor [C:\Projectos Java\Web\apache-tomcat-9.0.80\conf\Catalina\localhost\ConsultorioOdontologico.xml] has been ignored
29-Aug-2023 20:52:44.309 INFO [http-nio-8080-exec-29] org.apache.jasper.servlet.TldScanner.scanJars Al menos un JAR, que se ha explorado buscando TLDs, aún no contenía TLDs. Activar historial de depuración para este historiador para una completa lista de los JARs que fueron explorados y de los que nos se halló TLDs. Saltarse JARs no necesarios durante la exploración puede dar lugar a una mejora de tiempo significativa en el arranque y compilación de JSP .
29-Aug-2023 20:52:44.312 INFO [http-nio-8080-exec-29] org.apache.catalina.startup.HostConfig.deployDescriptor Deployment of deployment descriptor [C:\Projectos Java\Web\apache-tomcat-9.0.80\conf\Catalina\localhost\ConsultorioOdontologico.xml] has finished in [399] ms
29-Aug-2023 20:52:44.314 INFO [http-nio-8080-exec-23] org.apache.catalina.util.LifecycleBase.start The start() method was called on component [StandardEngine[Catalina].StandardHost[localhost].StandardContext[/ConsultorioOdontologico]] after start() had already been called. The second call will be ignored.
29-Aug-2023 20:54:31.871 INFO [http-nio-8080-exec-36] org.apache.catalina.startup.HostConfig.undeploy Repliegue (undeploy) de la aplicación web que tiene como trayectoria de contexto [/ConsultorioOdontologico]
29-Aug-2023 20:54:31.903 INFO [http-nio-8080-exec-38] org.apache.catalina.startup.HostConfig.deployDescriptor Desplieque del descriptor de configuración [C:\Projectos Java\Web\apache-tomcat-9.0.80\conf\Catalina\localhost\ConsultorioOdontologico.xml]
29-Aug-2023 20:54:31.905 WARNING [http-nio-8080-exec-38] org.apache.catalina.startup.HostConfig.deployDescriptor The path attribute with value [/ConsultorioOdontologico] in deployment descriptor [C:\Projectos Java\Web\apache-tomcat-9.0.80\conf\Catalina\localhost\ConsultorioOdontologico.xml] has been ignored
29-Aug-2023 20:54:32.316 INFO [http-nio-8080-exec-38] org.apache.jasper.servlet.TldScanner.scanJars Al menos un JAR, que se ha explorado buscando TLDs, aún no contenía TLDs. Activar historial de depuración para este historiador para una completa lista de los JARs que fueron explorados y de los que nos se halló TLDs. Saltarse JARs no necesarios durante la exploración puede dar lugar a una mejora de tiempo significativa en el arranque y compilación de JSP .
29-Aug-2023 20:54:32.319 INFO [http-nio-8080-exec-38] org.apache.catalina.startup.HostConfig.deployDescriptor Deployment of deployment descriptor [C:\Projectos Java\Web\apache-tomcat-9.0.80\conf\Catalina\localhost\ConsultorioOdontologico.xml] has finished in [416] ms
29-Aug-2023 20:54:32.321 INFO [http-nio-8080-exec-31] org.apache.catalina.util.LifecycleBase.start The start() method was called on component [StandardEngine[Catalina].StandardHost[localhost].StandardContext[/ConsultorioOdontologico]] after start() had already been called. The second call will be ignored.
29-Aug-2023 21:00:35.099 INFO [http-nio-8080-exec-48] org.apache.catalina.startup.HostConfig.undeploy Repliegue (undeploy) de la aplicación web que tiene como trayectoria de contexto [/ConsultorioOdontologico]
29-Aug-2023 21:00:35.139 INFO [http-nio-8080-exec-40] org.apache.catalina.startup.HostConfig.deployDescriptor Desplieque del descriptor de configuración [C:\Projectos Java\Web\apache-tomcat-9.0.80\conf\Catalina\localhost\ConsultorioOdontologico.xml]
29-Aug-2023 21:00:35.141 WARNING [http-nio-8080-exec-40] org.apache.catalina.startup.HostConfig.deployDescriptor The path attribute with value [/ConsultorioOdontologico] in deployment descriptor [C:\Projectos Java\Web\apache-tomcat-9.0.80\conf\Catalina\localhost\ConsultorioOdontologico.xml] has been ignored
29-Aug-2023 21:00:35.516 INFO [http-nio-8080-exec-40] org.apache.jasper.servlet.TldScanner.scanJars Al menos un JAR, que se ha explorado buscando TLDs, aún no contenía TLDs. Activar historial de depuración para este historiador para una completa lista de los JARs que fueron explorados y de los que nos se halló TLDs. Saltarse JARs no necesarios durante la exploración puede dar lugar a una mejora de tiempo significativa en el arranque y compilación de JSP .
29-Aug-2023 21:00:35.520 INFO [http-nio-8080-exec-40] org.apache.catalina.startup.HostConfig.deployDescriptor Deployment of deployment descriptor [C:\Projectos Java\Web\apache-tomcat-9.0.80\conf\Catalina\localhost\ConsultorioOdontologico.xml] has finished in [380] ms
29-Aug-2023 21:00:35.522 INFO [http-nio-8080-exec-41] org.apache.catalina.util.LifecycleBase.start The start() method was called on component [StandardEngine[Catalina].StandardHost[localhost].StandardContext[/ConsultorioOdontologico]] after start() had already been called. The second call will be ignored.
29-Aug-2023 21:15:53.944 INFO [main] org.apache.catalina.core.StandardServer.await Se ha recibido un comando de apagado a través del puerto de apagado. Parando la instancia del Servidor.
29-Aug-2023 21:15:53.945 INFO [main] org.apache.coyote.AbstractProtocol.pause Pausing ProtocolHandler ["http-nio-8080"]
29-Aug-2023 21:15:53.960 INFO [main] org.apache.catalina.core.StandardService.stopInternal Parando servicio [Catalina]
29-Aug-2023 21:15:53.973 INFO [main] org.apache.coyote.AbstractProtocol.stop Stopping ProtocolHandler ["http-nio-8080"]
29-Aug-2023 21:15:53.987 INFO [main] org.apache.coyote.AbstractProtocol.destroy Destroying ProtocolHandler ["http-nio-8080"]
